#
# There is insufficient memory for the Java Runtime Environment to continue.
# Native memory allocation (mmap) failed to map 65536 bytes. Error detail: Failed to commit metaspace.
# Possible reasons:
#   The system is out of physical RAM or swap space
#   This process is running with CompressedOops enabled, and the Java Heap may be blocking the growth of the native heap
# Possible solutions:
#   Reduce memory load on the system
#   Increase physical memory or swap space
#   Check if swap backing store is full
#   Decrease Java heap size (-Xmx/-Xms)
#   Decrease number of Java threads
#   Decrease Java thread stack sizes (-Xss)
#   Set larger code cache with -XX:ReservedCodeCacheSize=
#   JVM is running with Unscaled Compressed Oops mode in which the Java heap is
#     placed in the first 4GB address space. The Java Heap base address is the
#     maximum limit for the native heap growth. Please use -XX:HeapBaseMinAddress
#     to set the Java Heap base and to place the Java Heap above 4GB virtual address.
# This output file may be truncated or incomplete.
#
#  Out of Memory Error (virtualSpaceNode.cpp:110), pid=1704, tid=4068
#
# JRE version: OpenJDK Runtime Environment Temurin-17.0.11+9 (17.0.11+9) (build 17.0.11+9)
# Java VM: OpenJDK 64-Bit Server VM Temurin-17.0.11+9 (17.0.11+9, mixed mode, tiered, compressed oops, compressed class ptrs, parallel gc, windows-amd64)
# No core dump will be written. Minidumps are not enabled by default on client versions of Windows
#

---------------  S U M M A R Y ------------

Command Line: --add-modules=ALL-SYSTEM --add-opens=java.base/java.util=ALL-UNNAMED --add-opens=java.base/java.lang=ALL-UNNAMED --add-opens=java.base/sun.nio.fs=ALL-UNNAMED -Declipse.application=org.eclipse.jdt.ls.core.id1 -Dosgi.bundles.defaultStartLevel=4 -Declipse.product=org.eclipse.jdt.ls.core.product -Djava.import.generatesMetadataFilesAtProjectRoot=false -DDetectVMInstallationsJob.disabled=true -Dfile.encoding=utf8 -XX:+UseParallelGC -XX:GCTimeRatio=4 -XX:AdaptiveSizePolicyWeight=90 -Dsun.zip.disableMemoryMapping=true -Xmx1G -Xms100m -Xlog:disable -javaagent:c:\Users\match\.cursor\extensions\redhat.java-1.31.0-win32-x64\lombok\lombok-1.18.32.jar c:\Users\match\.cursor\extensions\redhat.java-1.31.0-win32-x64\server\plugins\org.eclipse.equinox.launcher_1.6.800.v20240513-1750.jar -configuration c:\Users\match\AppData\Roaming\Cursor\User\globalStorage\redhat.java\1.31.0\config_ss_win -data c:\Users\match\AppData\Roaming\Cursor\User\workspaceStorage\8df9b958dab73af2217467e2a8126c77\redhat.java\ss_ws --pipe=\\.\pipe\lsp-1953b6da81a42ecfc5bc8892050afbd6-sock

Host: 11th Gen Intel(R) Core(TM) i5-1135G7 @ 2.40GHz, 8 cores, 7G,  Windows 11 , 64 bit Build 22621 (10.0.22621.3672)
Time: Tue Jun  4 01:35:56 2024 SE Asia Standard Time elapsed time: 4.606893 seconds (0d 0h 0m 4s)

---------------  T H R E A D  ---------------

Current thread (0x000001e618fe0970):  JavaThread "main" [_thread_in_vm, id=4068, stack(0x0000000100500000,0x0000000100600000)]

Stack: [0x0000000100500000,0x0000000100600000]
Native frames: (J=compiled Java code, j=interpreted, Vv=VM code, C=native code)
V  [jvm.dll+0x67d429]
V  [jvm.dll+0x834b7a]
V  [jvm.dll+0x83663e]
V  [jvm.dll+0x836ca3]
V  [jvm.dll+0x247dbf]
V  [jvm.dll+0x83083b]
V  [jvm.dll+0x621d56]
V  [jvm.dll+0x1c1b3e]
V  [jvm.dll+0x6246b1]
V  [jvm.dll+0x6226f6]
V  [jvm.dll+0x23c27f]
V  [jvm.dll+0x62c585]
V  [jvm.dll+0x1ebb1b]
V  [jvm.dll+0x1ec055]
V  [jvm.dll+0x1ecb10]
V  [jvm.dll+0x1e1f11]
V  [jvm.dll+0x54250e]
V  [jvm.dll+0x7aecb8]
V  [jvm.dll+0x7aeda4]
V  [jvm.dll+0x4106a5]
V  [jvm.dll+0x416819]
C  [java.dll+0x17ec]

Java frames: (J=compiled Java code, j=interpreted, Vv=VM code)
J 1092  java.lang.ClassLoader.defineClass1(Ljava/lang/ClassLoader;Ljava/lang/String;[BIILjava/security/ProtectionDomain;Ljava/lang/String;)Ljava/lang/Class; java.base@17.0.11 (0 bytes) @ 0x000001e6237aa963 [0x000001e6237aa8a0+0x00000000000000c3]
J 1096 c1 java.lang.ClassLoader.defineClass(Ljava/lang/String;[BIILjava/security/ProtectionDomain;)Ljava/lang/Class; java.base@17.0.11 (43 bytes) @ 0x000001e61be5c054 [0x000001e61be5bd00+0x0000000000000354]
j  java.lang.ClassLoader.defineClass(Ljava/lang/String;[BII)Ljava/lang/Class;+7 java.base@17.0.11
j  lombok.launch.ShadowClassLoader.urlToDefineClass(Ljava/lang/String;Ljava/net/URL;Z)Ljava/lang/Class;+155
j  lombok.launch.ShadowClassLoader.loadClass(Ljava/lang/String;Z)Ljava/lang/Class;+238
J 789 c1 java.lang.ClassLoader.loadClass(Ljava/lang/String;)Ljava/lang/Class; java.base@17.0.11 (7 bytes) @ 0x000001e61bdc304c [0x000001e61bdc2f40+0x000000000000010c]
v  ~StubRoutines::call_stub
j  lombok.patcher.PatchScript.runASM([BZLlombok/patcher/TransplantMapper;)[B+55
j  lombok.patcher.scripts.MethodLevelPatchScript.patch(Ljava/lang/String;[BLlombok/patcher/TransplantMapper;)[B+17
J 458 c1 lombok.patcher.ScriptManager$OurClassFileTransformer.transform(Ljava/lang/ClassLoader;Ljava/lang/String;Ljava/lang/Class;Ljava/security/ProtectionDomain;[B)[B (364 bytes) @ 0x000001e61bd10fe4 [0x000001e61bd100e0+0x0000000000000f04]
J 540 c1 java.lang.instrument.ClassFileTransformer.transform(Ljava/lang/Module;Ljava/lang/ClassLoader;Ljava/lang/String;Ljava/lang/Class;Ljava/security/ProtectionDomain;[B)[B java.instrument@17.0.11 (15 bytes) @ 0x000001e61bd30d7c [0x000001e61bd30cc0+0x00000000000000bc]
J 504 c1 sun.instrument.TransformerManager.transform(Ljava/lang/Module;Ljava/lang/ClassLoader;Ljava/lang/String;Ljava/lang/Class;Ljava/security/ProtectionDomain;[B)[B java.instrument@17.0.11 (100 bytes) @ 0x000001e61bd22294 [0x000001e61bd22060+0x0000000000000234]
J 503 c1 sun.instrument.InstrumentationImpl.transform(Ljava/lang/Module;Ljava/lang/ClassLoader;Ljava/lang/String;Ljava/lang/Class;Ljava/security/ProtectionDomain;[BZ)[B java.instrument@17.0.11 (73 bytes) @ 0x000001e61bd22bf4 [0x000001e61bd22960+0x0000000000000294]
v  ~StubRoutines::call_stub
J 1092  java.lang.ClassLoader.defineClass1(Ljava/lang/ClassLoader;Ljava/lang/String;[BIILjava/security/ProtectionDomain;Ljava/lang/String;)Ljava/lang/Class; java.base@17.0.11 (0 bytes) @ 0x000001e6237aa963 [0x000001e6237aa8a0+0x00000000000000c3]
j  java.lang.ClassLoader.defineClass(Ljava/lang/String;[BIILjava/security/ProtectionDomain;)Ljava/lang/Class;+27 java.base@17.0.11
j  java.security.SecureClassLoader.defineClass(Ljava/lang/String;[BIILjava/security/CodeSource;)Ljava/lang/Class;+12 java.base@17.0.11
j  java.net.URLClassLoader.defineClass(Ljava/lang/String;Ljdk/internal/loader/Resource;)Ljava/lang/Class;+221 java.base@17.0.11
j  java.net.URLClassLoader$1.run()Ljava/lang/Class;+43 java.base@17.0.11
j  java.net.URLClassLoader$1.run()Ljava/lang/Object;+1 java.base@17.0.11
J 894 c1 java.security.AccessController.executePrivileged(Ljava/security/PrivilegedExceptionAction;Ljava/security/AccessControlContext;Ljava/lang/Class;)Ljava/lang/Object; java.base@17.0.11 (65 bytes) @ 0x000001e61bdf873c [0x000001e61bdf85e0+0x000000000000015c]
j  java.security.AccessController.doPrivileged(Ljava/security/PrivilegedExceptionAction;Ljava/security/AccessControlContext;)Ljava/lang/Object;+13 java.base@17.0.11
j  java.net.URLClassLoader.findClass(Ljava/lang/String;)Ljava/lang/Class;+13 java.base@17.0.11
J 920 c1 java.lang.ClassLoader.loadClass(Ljava/lang/String;Z)Ljava/lang/Class; java.base@17.0.11 (121 bytes) @ 0x000001e61be001f4 [0x000001e61bdffc40+0x00000000000005b4]
J 789 c1 java.lang.ClassLoader.loadClass(Ljava/lang/String;)Ljava/lang/Class; java.base@17.0.11 (7 bytes) @ 0x000001e61bdc304c [0x000001e61bdc2f40+0x000000000000010c]
v  ~StubRoutines::call_stub
j  org.eclipse.osgi.internal.framework.EquinoxContainerAdaptor.createSystemModule()Lorg/eclipse/osgi/container/SystemModule;+0
j  org.eclipse.osgi.container.ModuleDatabase.load(Ljava/lang/String;Lorg/eclipse/osgi/container/ModuleRevisionBuilder;Ljava/lang/Object;JLjava/util/EnumSet;I)Lorg/eclipse/osgi/container/Module;+96
j  org.eclipse.osgi.container.ModuleDatabase$Persistence.readModule(Lorg/eclipse/osgi/container/ModuleRevisionBuilder;Lorg/eclipse/osgi/container/ModuleDatabase;Ljava/io/DataInputStream;Ljava/util/List;I)V+224
j  org.eclipse.osgi.container.ModuleDatabase$Persistence.load(Lorg/eclipse/osgi/container/ModuleDatabase;Ljava/io/DataInputStream;)V+211
j  org.eclipse.osgi.container.ModuleDatabase.load(Ljava/io/DataInputStream;)V+32
j  org.eclipse.osgi.storage.Storage.<init>(Lorg/eclipse/osgi/internal/framework/EquinoxContainer;[Ljava/lang/String;)V+720
j  org.eclipse.osgi.storage.Storage.createStorage(Lorg/eclipse/osgi/internal/framework/EquinoxContainer;)Lorg/eclipse/osgi/storage/Storage;+11
j  org.eclipse.osgi.internal.framework.EquinoxContainer.<init>(Ljava/util/Map;Lorg/osgi/framework/connect/ModuleConnector;)V+146
j  org.eclipse.osgi.launch.Equinox.<init>(Ljava/util/Map;Lorg/osgi/framework/connect/ModuleConnector;)V+10
j  org.eclipse.osgi.launch.Equinox.<init>(Ljava/util/Map;)V+3
j  org.eclipse.core.runtime.adaptor.EclipseStarter.startup([Ljava/lang/String;Ljava/lang/Runnable;)Lorg/osgi/framework/BundleContext;+28
j  org.eclipse.core.runtime.adaptor.EclipseStarter.run([Ljava/lang/String;Ljava/lang/Runnable;)Ljava/lang/Object;+21
v  ~StubRoutines::call_stub
j  jdk.internal.reflect.NativeMethodAccessorImpl.invoke0(Ljava/lang/reflect/Method;Ljava/lang/Object;[Ljava/lang/Object;)Ljava/lang/Object;+0 java.base@17.0.11
j  jdk.internal.reflect.NativeMethodAccessorImpl.invoke(Ljava/lang/Object;[Ljava/lang/Object;)Ljava/lang/Object;+133 java.base@17.0.11
j  jdk.internal.reflect.DelegatingMethodAccessorImpl.invoke(Ljava/lang/Object;[Ljava/lang/Object;)Ljava/lang/Object;+6 java.base@17.0.11
j  java.lang.reflect.Method.invoke(Ljava/lang/Object;[Ljava/lang/Object;)Ljava/lang/Object;+59 java.base@17.0.11
j  org.eclipse.equinox.launcher.Main.invokeFramework([Ljava/lang/String;[Ljava/net/URL;)V+202
j  org.eclipse.equinox.launcher.Main.basicRun([Ljava/lang/String;)V+159
j  org.eclipse.equinox.launcher.Main.run([Ljava/lang/String;)I+4
j  org.eclipse.equinox.launcher.Main.main([Ljava/lang/String;)V+10
v  ~StubRoutines::call_stub

Compiled method (n/a)    4638 1092     n 0       java.lang.ClassLoader::defineClass1 (native)
 total in heap  [0x000001e6237aa710,0x000001e6237aab70] = 1120
 relocation     [0x000001e6237aa868,0x000001e6237aa898] = 48
 main code      [0x000001e6237aa8a0,0x000001e6237aab70] = 720

[Constant Pool (empty)]

[MachCode]
[Entry Point]
  # {method} {0x000001e66d01de78} 'defineClass1' '(Ljava/lang/ClassLoader;Ljava/lang/String;[BIILjava/security/ProtectionDomain;Ljava/lang/String;)Ljava/lang/Class;' in 'java/lang/ClassLoader'
  # parm0:    rdx:rdx   = 'java/lang/ClassLoader'
  # parm1:    r8:r8     = 'java/lang/String'
  # parm2:    r9:r9     = '[B'
  # parm3:    rdi       = int
  # parm4:    rsi       = int
  # parm5:    rcx:rcx   = 'java/security/ProtectionDomain'
  # parm6:    [sp+0xa0]   = 'java/lang/String'  (sp of caller)
  0x000001e6237aa8a0: 448b 5208 | 49bb 0000 | 002d e601 | 0000 4d03 | d349 3bc2 | 0f84 0600 

  0x000001e6237aa8b8: ;   {runtime_call ic_miss_stub}
  0x000001e6237aa8b8: 0000 e9c1 | 6ca4 ff90 
[Verified Entry Point]
  0x000001e6237aa8c0: 8984 2400 | 90ff ff55 | 488b ec48 | 81ec 9000 | 0000 4881 | 7d10 0000 | 0000 488d | 4510 480f 
  0x000001e6237aa8e0: 4445 1048 | 8944 2440 | 4889 4c24 | 7048 83f9 | 0048 8d44 | 2470 480f | 4444 2470 | 4889 4424 
  0x000001e6237aa900: 3848 8974 | 2430 4889 | 7c24 284c | 894c 2458 | 4983 f900 | 488d 4424 | 5848 0f44 | 4424 5848 
  0x000001e6237aa920: 8944 2420 | 4c89 4424 | 5049 83f8 | 004c 8d4c | 2450 4c0f | 444c 2450 | 4889 5424 | 4848 83fa 
  0x000001e6237aa940: 004c 8d44 | 2448 4c0f | 4444 2448 

  0x000001e6237aa94c: ;   {oop(a 'java/lang/Class'{0x00000000ec4490f0} = 'java/lang/ClassLoader')}
  0x000001e6237aa94c: 49be f090 | 44ec 0000 | 0000 4c89 | 7424 784c | 8d74 2478 | 498b d6c5 

  0x000001e6237aa964: ;   {internal_word}
  0x000001e6237aa964: f877 49ba | 63a9 7a23 | e601 0000 | 4d89 97a0 | 0200 0049 | 89a7 9802 

  0x000001e6237aa97c: ;   {external_word}
  0x000001e6237aa97c: 0000 49ba | 5835 3abe | f97f 0000 | 4180 3a00 | 0f84 5200 | 0000 5241 

  0x000001e6237aa994: ;   {metadata({method} {0x000001e66d01de78} 'defineClass1' '(Ljava/lang/ClassLoader;Ljava/lang/String;[BIILjava/security/ProtectionDomain;Ljava/lang/String;)Ljava/lang/Class;' in 'java/lang/ClassLoader')}
  0x000001e6237aa994: 5041 5148 | ba70 de01 | 6de6 0100 | 0049 8bcf | 4883 ec20 | f7c4 0f00 | 0000 0f84 | 1a00 0000 
  0x000001e6237aa9b4: 4883 ec08 

  0x000001e6237aa9b8: ;   {runtime_call}
  0x000001e6237aa9b8: 49ba 6031 | f0bd f97f | 0000 41ff | d248 83c4 | 08e9 0d00 

  0x000001e6237aa9cc: ;   {runtime_call}
  0x000001e6237aa9cc: 0000 49ba | 6031 f0bd | f97f 0000 | 41ff d248 | 83c4 2041 | 5941 585a | 498d 8fb8 | 0200 0041 
  0x000001e6237aa9ec: c787 4803 | 0000 0400 

  0x000001e6237aa9f4: ;   {runtime_call}
  0x000001e6237aa9f4: 0000 49ba | ac16 feff | f97f 0000 | 41ff d2c5 | f877 41c7 | 8748 0300 | 0005 0000 | 00f0 8344 
  0x000001e6237aaa14: 24c0 0049 | 3baf 5003 | 0000 0f87 | 1100 0000 | 4181 bf38 | 0300 0000 | 0000 000f | 842c 0000 
  0x000001e6237aaa34: 00c5 f877 | 4889 45f8 | 498b cf4c | 8be4 4883 | ec20 4883 

  0x000001e6237aaa48: ;   {runtime_call}
  0x000001e6237aaa48: e4f0 49ba | c045 00be | f97f 0000 | 41ff d249 | 8be4 4d33 | e448 8b45 | f841 c787 | 4803 0000 
  0x000001e6237aaa68: 0800 0000 | 4181 bfb8 | 0300 0002 | 0000 000f | 84c5 0000 

  0x000001e6237aaa7c: ;   {external_word}
  0x000001e6237aaa7c: 0049 ba58 | 353a bef9 | 7f00 0041 | 803a 000f | 8450 0000 | 0048 8945 

  0x000001e6237aaa94: ;   {metadata({method} {0x000001e66d01de78} 'defineClass1' '(Ljava/lang/ClassLoader;Ljava/lang/String;[BIILjava/security/ProtectionDomain;Ljava/lang/String;)Ljava/lang/Class;' in 'java/lang/ClassLoader')}
  0x000001e6237aaa94: f848 ba70 | de01 6de6 | 0100 0049 | 8bcf 4883 | ec20 f7c4 | 0f00 0000 | 0f84 1a00 | 0000 4883 
  0x000001e6237aaab4: ;   {runtime_call}
  0x000001e6237aaab4: ec08 49ba | 6031 f0bd | f97f 0000 | 41ff d248 | 83c4 08e9 | 0d00 0000 

  0x000001e6237aaacc: ;   {runtime_call}
  0x000001e6237aaacc: 49ba 6031 | f0bd f97f | 0000 41ff | d248 83c4 | 2048 8b45 | f849 c787 | 9802 0000 | 0000 0000 
  0x000001e6237aaaec: 49c7 87a0 | 0200 0000 | 0000 00c5 | f877 4885 | c00f 8419 | 0000 0048 | f7c0 0100 | 0000 0f84 
  0x000001e6237aab0c: 0900 0000 | 488b 40ff | e903 0000 | 0048 8b00 | 498b 8fd8 | 0000 00c7 | 8100 0100 | 0000 0000 
  0x000001e6237aab2c: 00c9 4981 | 7f08 0000 | 0000 0f85 | 0100 0000 

  0x000001e6237aab3c: ;   {runtime_call StubRoutines (1)}
  0x000001e6237aab3c: c3e9 be63 | 9fff c5f8 | 7748 8945 | f84c 8be4 | 4883 ec20 | 4883 e4f0 

  0x000001e6237aab54: ;   {runtime_call}
  0x000001e6237aab54: 49ba e061 | f0bd f97f | 0000 41ff | d249 8be4 | 4d33 e448 | 8b45 f8e9 | 0dff ffff 
[/MachCode]


Compiled method (c1)    4653 1096       3       java.lang.ClassLoader::defineClass (43 bytes)
 total in heap  [0x000001e61be5bb10,0x000001e61be5c468] = 2392
 relocation     [0x000001e61be5bc68,0x000001e61be5bcf8] = 144
 main code      [0x000001e61be5bd00,0x000001e61be5c1a0] = 1184
 stub code      [0x000001e61be5c1a0,0x000001e61be5c218] = 120
 metadata       [0x000001e61be5c218,0x000001e61be5c258] = 64
 scopes data    [0x000001e61be5c258,0x000001e61be5c348] = 240
 scopes pcs     [0x000001e61be5c348,0x000001e61be5c428] = 224
 dependencies   [0x000001e61be5c428,0x000001e61be5c440] = 24
 nul chk table  [0x000001e61be5c440,0x000001e61be5c468] = 40

[Constant Pool (empty)]

[MachCode]
[Entry Point]
  # {method} {0x000001e66d01dce8} 'defineClass' '(Ljava/lang/String;[BIILjava/security/ProtectionDomain;)Ljava/lang/Class;' in 'java/lang/ClassLoader'
  # this:     rdx:rdx   = 'java/lang/ClassLoader'
  # parm0:    r8:r8     = 'java/lang/String'
  # parm1:    r9:r9     = '[B'
  # parm2:    rdi       = int
  # parm3:    rsi       = int
  # parm4:    rcx:rcx   = 'java/security/ProtectionDomain'
  #           [sp+0xc0]  (sp of caller)
  0x000001e61be5bd00: 448b 5208 | 49bb 0000 | 002d e601 | 0000 4d03 | d34c 3bd0 

  0x000001e61be5bd14: ;   {runtime_call ic_miss_stub}
  0x000001e61be5bd14: 0f85 6658 | 3907 660f | 1f44 0000 
[Verified Entry Point]
  0x000001e61be5bd20: 8984 2400 | 90ff ff55 | 4881 ecb0 | 0000 0048 | 8954 2478 

  0x000001e61be5bd34: ;   {metadata(method data for {method} {0x000001e66d01dce8} 'defineClass' '(Ljava/lang/String;[BIILjava/security/ProtectionDomain;)Ljava/lang/Class;' in 'java/lang/ClassLoader')}
  0x000001e61be5bd34: 48bb 8899 | b16d e601 | 0000 8b83 | cc00 0000 | 83c0 0289 | 83cc 0000 | 0081 e0fe | 0700 0083 
  0x000001e61be5bd54: f800 0f84 | 4e03 0000 | 89b4 2494 | 0000 0089 | bc24 9000 | 0000 4c89 | 8c24 8800 | 0000 488b 
  0x000001e61be5bd74: ;   {metadata(method data for {method} {0x000001e66d01dce8} 'defineClass' '(Ljava/lang/String;[BIILjava/security/ProtectionDomain;)Ljava/lang/Class;' in 'java/lang/ClassLoader')}
  0x000001e61be5bd74: da48 b888 | 99b1 6de6 | 0100 0048 | 8380 1001 | 0000 0149 | 8bd8 4c8b | c34c 8bc9 | 488b ca48 
  0x000001e61be5bd94: 8bd1 4889 | 9c24 8000 

  0x000001e61be5bd9c: ;   {optimized virtual_call}
  0x000001e61be5bd9c: 0000 90e8 

  0x000001e61be5bda0: ; ImmutableOopMap {[120]=Oop [136]=Oop [128]=Oop }
                      ;*invokevirtual preDefineClass {reexecute=0 rethrow=0 return_oop=0}
                      ; - java.lang.ClassLoader::defineClass@4
  0x000001e61be5bda0: 7c0a 0000 | 4889 8424 | 9800 0000 | 488b 5424 

  0x000001e61be5bdb0: ;   {metadata(method data for {method} {0x000001e66d01dce8} 'defineClass' '(Ljava/lang/String;[BIILjava/security/ProtectionDomain;)Ljava/lang/Class;' in 'java/lang/ClassLoader')}
  0x000001e61be5bdb0: 7849 b888 | 99b1 6de6 | 0100 0049 | 8380 4801 

  0x000001e61be5bdc0: ;   {metadata(method data for {method} {0x000001e66d01db70} 'defineClassSourceLocation' '(Ljava/security/ProtectionDomain;)Ljava/lang/String;' in 'java/lang/ClassLoader')}
  0x000001e61be5bdc0: 0000 0149 | b8a0 a0b1 | 6de6 0100 | 0041 8b90 | cc00 0000 | 83c2 0241 | 8990 cc00 | 0000 81e2 
  0x000001e61be5bde0: feff 1f00 | 83fa 000f | 84de 0200 | 0048 3b00 

  0x000001e61be5bdf0: ;   {metadata(method data for {method} {0x000001e66d01db70} 'defineClassSourceLocation' '(Ljava/security/ProtectionDomain;)Ljava/lang/String;' in 'java/lang/ClassLoader')}
  0x000001e61be5bdf0: 4c8b c048 | baa0 a0b1 | 6de6 0100 | 0048 8382 | 1001 0000 | 0144 8b40 | 1049 83f8 

  0x000001e61be5be0c: ;   {metadata(method data for {method} {0x000001e66d01db70} 'defineClassSourceLocation' '(Ljava/security/ProtectionDomain;)Ljava/lang/String;' in 'java/lang/ClassLoader')}
  0x000001e61be5be0c: 0048 baa0 | a0b1 6de6 | 0100 0048 | be58 0100 | 0000 0000 | 000f 850a | 0000 0048 | be48 0100 
  0x000001e61be5be2c: 0000 0000 | 0048 8b3c | 3248 8d7f | 0148 893c | 320f 850f 

  0x000001e61be5be40: ;   {oop(NULL)}
  0x000001e61be5be40: 0000 0048 | bb00 0000 | 0000 0000 | 00e9 ad01 | 0000 493b | 0049 8bd0 

  0x000001e61be5be58: ;   {metadata(method data for {method} {0x000001e66d01db70} 'defineClassSourceLocation' '(Ljava/security/ProtectionDomain;)Ljava/lang/String;' in 'java/lang/ClassLoader')}
  0x000001e61be5be58: 48be a0a0 | b16d e601 | 0000 4883 | 8668 0100 | 0001 418b | 500c 4883 

  0x000001e61be5be70: ;   {metadata(method data for {method} {0x000001e66d01db70} 'defineClassSourceLocation' '(Ljava/security/ProtectionDomain;)Ljava/lang/String;' in 'java/lang/ClassLoader')}
  0x000001e61be5be70: fa00 48be | a0a0 b16d | e601 0000 | 48bf b001 | 0000 0000 | 0000 0f85 | 0a00 0000 | 48bf a001 
  0x000001e61be5be90: 0000 0000 | 0000 488b | 1c3e 488d | 5b01 4889 | 1c3e 0f85 | 0f00 0000 

  0x000001e61be5bea8: ;   {oop(NULL)}
  0x000001e61be5bea8: 48bb 0000 | 0000 0000 | 0000 e948 

  0x000001e61be5beb4: ;   {metadata(method data for {method} {0x000001e66d01db70} 'defineClassSourceLocation' '(Ljava/security/ProtectionDomain;)Ljava/lang/String;' in 'java/lang/ClassLoader')}
  0x000001e61be5beb4: 0100 0048 | bea0 a0b1 | 6de6 0100 | 0048 8386 | c001 0000 | 0148 3b02 

  0x000001e61be5becc: ;   {metadata(method data for {method} {0x000001e66d01db70} 'defineClassSourceLocation' '(Ljava/security/ProtectionDomain;)Ljava/lang/String;' in 'java/lang/ClassLoader')}
  0x000001e61be5becc: 4c8b c248 | bea0 a0b1 | 6de6 0100 | 0048 8386 | f801 0000 

  0x000001e61be5bee0: ;   {metadata(method data for {method} {0x000001e66d0ba590} 'toString' '()Ljava/lang/String;' in 'java/net/URL')}
  0x000001e61be5bee0: 0149 b8c8 | 97b1 6de6 | 0100 0041 | 8bb0 cc00 | 0000 83c6 | 0241 89b0 | cc00 0000 | 81e6 feff 
  0x000001e61be5bf00: 1f00 83fe | 000f 84f0 | 0100 004c 

  0x000001e61be5bf0c: ;   {metadata(method data for {method} {0x000001e66d0ba590} 'toString' '()Ljava/lang/String;' in 'java/net/URL')}
  0x000001e61be5bf0c: 8bc2 48be | c897 b16d | e601 0000 | 4883 8610 | 0100 0001 

  0x000001e61be5bf20: ;   {metadata(method data for {method} {0x000001e66d0ba628} 'toExternalForm' '()Ljava/lang/String;' in 'java/net/URL')}
  0x000001e61be5bf20: 49b8 0819 | b16d e601 | 0000 418b | b0cc 0000 | 0083 c602 | 4189 b0cc | 0000 0081 | e6fe ff1f 
  0x000001e61be5bf40: 0083 fe00 | 0f84 d201 | 0000 8b72 | 3848 3b06 

  0x000001e61be5bf50: ;   {metadata(method data for {method} {0x000001e66d0ba628} 'toExternalForm' '()Ljava/lang/String;' in 'java/net/URL')}
  0x000001e61be5bf50: 4c8b c648 | bf08 19b1 | 6de6 0100 | 0045 8b40 | 0849 ba00 | 0000 2de6 | 0100 004d | 03c2 4c3b 
  0x000001e61be5bf70: 8720 0100 | 0075 0d48 | 8387 2801 | 0000 01e9 | 6600 0000 | 4c3b 8730 | 0100 0075 | 0d48 8387 
  0x000001e61be5bf90: 3801 0000 | 01e9 5000 | 0000 4881 | bf20 0100 | 0000 0000 | 0075 174c | 8987 2001 | 0000 48c7 
  0x000001e61be5bfb0: 8728 0100 | 0001 0000 | 00e9 2c00 | 0000 4881 | bf30 0100 | 0000 0000 | 0075 174c | 8987 3001 
  0x000001e61be5bfd0: 0000 48c7 | 8738 0100 | 0001 0000 | 00e9 0800 | 0000 4883 | 8710 0100 | 0001 4c8b | c248 8bd6 
  0x000001e61be5bff0: 0f1f 8000 

  0x000001e61be5bff4: ;   {optimized virtual_call}
  0x000001e61be5bff4: 0000 00e8 

  0x000001e61be5bff8: ; ImmutableOopMap {[120]=Oop [136]=Oop [128]=Oop [152]=Oop }
                      ;*invokevirtual toExternalForm {reexecute=0 rethrow=0 return_oop=0}
                      ; - java.net.URL::toExternalForm@5
                      ; - java.net.URL::toString@1
                      ; - java.lang.ClassLoader::defineClassSourceLocation@22
                      ; - java.lang.ClassLoader::defineClass@12
  0x000001e61be5bff8: 045b 3907 | 488b d848 | 8b84 2498 | 0000 008b | b424 9400 | 0000 8bbc | 2490 0000 | 004c 8b8c 
  0x000001e61be5c018: 2488 0000 | 004c 8b84 | 2480 0000 | 0048 8b54 

  0x000001e61be5c028: ;   {metadata(method data for {method} {0x000001e66d01dce8} 'defineClass' '(Ljava/lang/String;[BIILjava/security/ProtectionDomain;)Ljava/lang/Class;' in 'java/lang/ClassLoader')}
  0x000001e61be5c028: 2478 48b9 | 8899 b16d | e601 0000 | 4883 8180 | 0100 0001 | 4c8b da49 | 8bd3 488b | c848 891c 
  0x000001e61be5c048: 2466 0f1f 

  0x000001e61be5c04c: ;   {static_call}
  0x000001e61be5c04c: 4400 00e8 

  0x000001e61be5c050: ; ImmutableOopMap {[152]=Oop [120]=Oop }
                      ;*invokestatic defineClass1 {reexecute=0 rethrow=0 return_oop=0}
                      ; - java.lang.ClassLoader::defineClass@27
  0x000001e61be5c050: 6ce8 9407 | 488b 5424 

  0x000001e61be5c058: ;   {metadata(method data for {method} {0x000001e66d01dce8} 'defineClass' '(Ljava/lang/String;[BIILjava/security/ProtectionDomain;)Ljava/lang/Class;' in 'java/lang/ClassLoader')}
  0x000001e61be5c058: 7849 b888 | 99b1 6de6 | 0100 0049 | 8380 9001 | 0000 014c | 8bc0 4c8b | 8c24 9800 | 0000 488b 
  0x000001e61be5c078: 5424 7848 | 8984 24a0 | 0000 000f 

  0x000001e61be5c084: ;   {optimized virtual_call}
  0x000001e61be5c084: 1f40 00e8 

  0x000001e61be5c088: ; ImmutableOopMap {[160]=Oop }
                      ;*invokevirtual postDefineClass {reexecute=0 rethrow=0 return_oop=0}
                      ; - java.lang.ClassLoader::defineClass@37
  0x000001e61be5c088: 4901 0000 | 488b 8424 | a000 0000 | 4881 c4b0 | 0000 005d 

  0x000001e61be5c09c: ;   {poll_return}
  0x000001e61be5c09c: 493b a750 | 0300 000f | 8799 0000 

  0x000001e61be5c0a8: ;   {metadata({method} {0x000001e66d01dce8} 'defineClass' '(Ljava/lang/String;[BIILjava/security/ProtectionDomain;)Ljava/lang/Class;' in 'java/lang/ClassLoader')}
  0x000001e61be5c0a8: 00c3 49ba | e0dc 016d | e601 0000 | 4c89 5424 | 0848 c704 | 24ff ffff 

  0x000001e61be5c0c0: ;   {runtime_call counter_overflow Runtime1 stub}
  0x000001e61be5c0c0: ffe8 3a13 

  0x000001e61be5c0c4: ; ImmutableOopMap {rdx=Oop [120]=Oop r8=Oop r9=Oop rcx=Oop }
                      ;*synchronization entry
                      ; - java.lang.ClassLoader::defineClass@-1
  0x000001e61be5c0c4: 4407 e991 

  0x000001e61be5c0c8: ;   {metadata({method} {0x000001e66d01db70} 'defineClassSourceLocation' '(Ljava/security/ProtectionDomain;)Ljava/lang/String;' in 'java/lang/ClassLoader')}
  0x000001e61be5c0c8: fcff ff49 | ba68 db01 | 6de6 0100 | 004c 8954 | 2408 48c7 | 0424 ffff 

  0x000001e61be5c0e0: ;   {runtime_call counter_overflow Runtime1 stub}
  0x000001e61be5c0e0: ffff e819 

  0x000001e61be5c0e4: ; ImmutableOopMap {[120]=Oop [136]=Oop [128]=Oop rax=Oop [152]=Oop }
                      ;*synchronization entry
                      ; - java.lang.ClassLoader::defineClassSourceLocation@-1
                      ; - java.lang.ClassLoader::defineClass@12
  0x000001e61be5c0e4: 1344 07e9 | 01fd ffff 

  0x000001e61be5c0ec: ;   {runtime_call throw_null_pointer_exception Runtime1 stub}
  0x000001e61be5c0ec: e8af ce3a 

  0x000001e61be5c0f0: ; ImmutableOopMap {[120]=Oop [136]=Oop [128]=Oop rax=Oop [152]=Oop }
                      ;*invokevirtual getCodeSource {reexecute=0 rethrow=0 return_oop=0}
                      ; - java.lang.ClassLoader::defineClassSourceLocation@1
                      ; - java.lang.ClassLoader::defineClass@12
                      ;   {runtime_call throw_null_pointer_exception Runtime1 stub}
  0x000001e61be5c0f0: 07e8 aace 

  0x000001e61be5c0f4: ; ImmutableOopMap {[120]=Oop [136]=Oop [128]=Oop rax=Oop [152]=Oop r8=Oop }
                      ;*invokevirtual getLocation {reexecute=0 rethrow=0 return_oop=0}
                      ; - java.lang.ClassLoader::defineClassSourceLocation@12
                      ; - java.lang.ClassLoader::defineClass@12
                      ;   {runtime_call throw_null_pointer_exception Runtime1 stub}
  0x000001e61be5c0f4: 3a07 e8a5 

  0x000001e61be5c0f8: ; ImmutableOopMap {[120]=Oop [136]=Oop [128]=Oop [152]=Oop rdx=Oop }
                      ;*invokevirtual toString {reexecute=0 rethrow=0 return_oop=0}
                      ; - java.lang.ClassLoader::defineClassSourceLocation@22
                      ; - java.lang.ClassLoader::defineClass@12
                      ;   {metadata({method} {0x000001e66d0ba590} 'toString' '()Ljava/lang/String;' in 'java/net/URL')}
  0x000001e61be5c0f8: ce3a 0749 | ba88 a50b | 6de6 0100 | 004c 8954 | 2408 48c7 | 0424 ffff 

  0x000001e61be5c110: ;   {runtime_call counter_overflow Runtime1 stub}
  0x000001e61be5c110: ffff e8e9 

  0x000001e61be5c114: ; ImmutableOopMap {[120]=Oop [136]=Oop [128]=Oop [152]=Oop rdx=Oop }
                      ;*synchronization entry
                      ; - java.net.URL::toString@-1
                      ; - java.lang.ClassLoader::defineClassSourceLocation@22
                      ; - java.lang.ClassLoader::defineClass@12
  0x000001e61be5c114: 1244 07e9 | effd ffff 

  0x000001e61be5c11c: ;   {metadata({method} {0x000001e66d0ba628} 'toExternalForm' '()Ljava/lang/String;' in 'java/net/URL')}
  0x000001e61be5c11c: 49ba 20a6 | 0b6d e601 | 0000 4c89 | 5424 0848 | c704 24ff 

  0x000001e61be5c130: ;   {runtime_call counter_overflow Runtime1 stub}
  0x000001e61be5c130: ffff ffe8 

  0x000001e61be5c134: ; ImmutableOopMap {[120]=Oop [136]=Oop [128]=Oop [152]=Oop rdx=Oop }
                      ;*synchronization entry
                      ; - java.net.URL::toExternalForm@-1
                      ; - java.net.URL::toString@1
                      ; - java.lang.ClassLoader::defineClassSourceLocation@22
                      ; - java.lang.ClassLoader::defineClass@12
  0x000001e61be5c134: c812 4407 | e90d feff 

  0x000001e61be5c13c: ;   {runtime_call throw_null_pointer_exception Runtime1 stub}
  0x000001e61be5c13c: ffe8 5ece 

  0x000001e61be5c140: ; ImmutableOopMap {[120]=Oop [136]=Oop [128]=Oop [152]=Oop rdx=Oop rsi=Oop }
                      ;*invokevirtual toExternalForm {reexecute=0 rethrow=0 return_oop=0}
                      ; - java.net.URL::toExternalForm@5
                      ; - java.net.URL::toString@1
                      ; - java.lang.ClassLoader::defineClassSourceLocation@22
                      ; - java.lang.ClassLoader::defineClass@12
                      ;   {internal_word}
  0x000001e61be5c140: 3a07 49ba | 9cc0 e51b | e601 0000 | 4d89 9768 

  0x000001e61be5c150: ;   {runtime_call SafepointBlob}
  0x000001e61be5c150: 0300 00e9 | 28cb 3907 | 9090 498b | 87e0 0300 | 0049 c787 | e003 0000 | 0000 0000 | 49c7 87e8 
  0x000001e61be5c170: 0300 0000 | 0000 0048 | 81c4 b000 

  0x000001e61be5c17c: ;   {runtime_call unwind_exception Runtime1 stub}
  0x000001e61be5c17c: 0000 5de9 | fcdc 3a07 | f4f4 f4f4 | f4f4 f4f4 | f4f4 f4f4 | f4f4 f4f4 | f4f4 f4f4 | f4f4 f4f4 
  0x000001e61be5c19c: f4f4 f4f4 
[Stub Code]
  0x000001e61be5c1a0: ;   {no_reloc}
  0x000001e61be5c1a0: 0f1f 4400 

  0x000001e61be5c1a4: ;   {static_stub}
  0x000001e61be5c1a4: 0048 bbc0 | da01 6de6 

  0x000001e61be5c1ac: ;   {runtime_call I2C/C2I adapters}
  0x000001e61be5c1ac: 0100 00e9 | add9 3907 

  0x000001e61be5c1b4: ;   {static_stub}
  0x000001e61be5c1b4: 9048 bb00 | 0000 0000 

  0x000001e61be5c1bc: ;   {runtime_call}
  0x000001e61be5c1bc: 0000 00e9 | fbff ffff 

  0x000001e61be5c1c4: ;   {static_stub}
  0x000001e61be5c1c4: 9048 bb00 | 0000 0000 

  0x000001e61be5c1cc: ;   {runtime_call}
  0x000001e61be5c1cc: 0000 00e9 | fbff ffff 

  0x000001e61be5c1d4: ;   {static_stub}
  0x000001e61be5c1d4: 9048 bb20 | dc01 6de6 

  0x000001e61be5c1dc: ;   {runtime_call I2C/C2I adapters}
  0x000001e61be5c1dc: 0100 00e9 | 7dd9 3907 
[Exception Handler]
  0x000001e61be5c1e4: ;   {runtime_call handle_exception_from_callee Runtime1 stub}
  0x000001e61be5c1e4: e897 d543 

  0x000001e61be5c1e8: ;   {external_word}
  0x000001e61be5c1e8: 0748 b930 | 9a14 bef9 | 7f00 0048 

  0x000001e61be5c1f4: ;   {runtime_call}
  0x000001e61be5c1f4: 83e4 f049 | ba40 2bdd | bdf9 7f00 | 0041 ffd2 

  0x000001e61be5c204: ;   {section_word}
  0x000001e61be5c204: f449 ba05 | c2e5 1be6 | 0100 0041 

  0x000001e61be5c210: ;   {runtime_call DeoptimizationBlob}
  0x000001e61be5c210: 52e9 0adf | 3907 f4f4 
[/MachCode]


Compiled method (c1)    4677  789       3       java.lang.ClassLoader::loadClass (7 bytes)
 total in heap  [0x000001e61bdc2d90,0x000001e61bdc3170] = 992
 relocation     [0x000001e61bdc2ee8,0x000001e61bdc2f28] = 64
 main code      [0x000001e61bdc2f40,0x000001e61bdc30c0] = 384
 stub code      [0x000001e61bdc30c0,0x000001e61bdc3108] = 72
 metadata       [0x000001e61bdc3108,0x000001e61bdc3110] = 8
 scopes data    [0x000001e61bdc3110,0x000001e61bdc3128] = 24
 scopes pcs     [0x000001e61bdc3128,0x000001e61bdc3168] = 64
 dependencies   [0x000001e61bdc3168,0x000001e61bdc3170] = 8

[Constant Pool (empty)]

[MachCode]
[Entry Point]
  # {method} {0x000001e66d01d380} 'loadClass' '(Ljava/lang/String;)Ljava/lang/Class;' in 'java/lang/ClassLoader'
  # this:     rdx:rdx   = 'java/lang/ClassLoader'
  # parm0:    r8:r8     = 'java/lang/String'
  #           [sp+0x40]  (sp of caller)
  0x000001e61bdc2f40: 448b 5208 | 49bb 0000 | 002d e601 | 0000 4d03 | d34c 3bd0 

  0x000001e61bdc2f54: ;   {runtime_call ic_miss_stub}
  0x000001e61bdc2f54: 0f85 26e6 | 4207 660f | 1f44 0000 
[Verified Entry Point]
  0x000001e61bdc2f60: 8984 2400 | 90ff ff55 | 4883 ec30 

  0x000001e61bdc2f6c: ;   {metadata(method data for {method} {0x000001e66d01d380} 'loadClass' '(Ljava/lang/String;)Ljava/lang/Class;' in 'java/lang/ClassLoader')}
  0x000001e61bdc2f6c: 49b9 a847 | 966d e601 | 0000 418b | b1cc 0000 | 0083 c602 | 4189 b1cc | 0000 0081 | e6fe 0700 
  0x000001e61bdc2f8c: 0083 fe00 | 0f84 c900 | 0000 4c8b 

  0x000001e61bdc2f98: ;   {metadata(method data for {method} {0x000001e66d01d380} 'loadClass' '(Ljava/lang/String;)Ljava/lang/Class;' in 'java/lang/ClassLoader')}
  0x000001e61bdc2f98: ca48 bea8 | 4796 6de6 | 0100 0045 | 8b49 0849 | ba00 0000 | 2de6 0100 | 004d 03ca | 4c3b 8e20 
  0x000001e61bdc2fb8: 0100 0075 | 0d48 8386 | 2801 0000 | 01e9 6600 | 0000 4c3b | 8e30 0100 | 0075 0d48 | 8386 3801 
  0x000001e61bdc2fd8: 0000 01e9 | 5000 0000 | 4881 be20 | 0100 0000 | 0000 0075 | 174c 898e | 2001 0000 | 48c7 8628 
  0x000001e61bdc2ff8: 0100 0001 | 0000 00e9 | 2c00 0000 | 4881 be30 | 0100 0000 | 0000 0075 | 174c 898e | 3001 0000 
  0x000001e61bdc3018: 48c7 8638 | 0100 0001 | 0000 00e9 | 0800 0000 | 4883 8610 | 0100 0001 | 41b9 0000 | 0000 0f1f 
  0x000001e61bdc3038: 8000 0000 | 0048 b800 | 850c 2de6 

  0x000001e61bdc3044: ;   {virtual_call}
  0x000001e61bdc3044: 0100 00e8 

  0x000001e61bdc3048: ; ImmutableOopMap {}
                      ;*invokevirtual loadClass {reexecute=0 rethrow=0 return_oop=0}
                      ; - java.lang.ClassLoader::loadClass@3
  0x000001e61bdc3048: 14b2 4207 | 4883 c430 

  0x000001e61bdc3050: ;   {poll_return}
  0x000001e61bdc3050: 5d49 3ba7 | 5003 0000 | 0f87 2200 

  0x000001e61bdc305c: ;   {metadata({method} {0x000001e66d01d380} 'loadClass' '(Ljava/lang/String;)Ljava/lang/Class;' in 'java/lang/ClassLoader')}
  0x000001e61bdc305c: 0000 c349 | ba78 d301 | 6de6 0100 | 004c 8954 | 2408 48c7 | 0424 ffff 

  0x000001e61bdc3074: ;   {runtime_call counter_overflow Runtime1 stub}
  0x000001e61bdc3074: ffff e885 

  0x000001e61bdc3078: ; ImmutableOopMap {rdx=Oop r8=Oop }
                      ;*synchronization entry
                      ; - java.lang.ClassLoader::loadClass@-1
  0x000001e61bdc3078: a34d 07e9 | 16ff ffff 

  0x000001e61bdc3080: ;   {internal_word}
  0x000001e61bdc3080: 49ba 5130 | dc1b e601 | 0000 4d89 | 9768 0300 

  0x000001e61bdc3090: ;   {runtime_call SafepointBlob}
  0x000001e61bdc3090: 00e9 ea5b | 4307 9090 | 498b 87e0 | 0300 0049 | c787 e003 | 0000 0000 | 0000 49c7 | 87e8 0300 
  0x000001e61bdc30b0: 0000 0000 | 0048 83c4 

  0x000001e61bdc30b8: ;   {runtime_call unwind_exception Runtime1 stub}
  0x000001e61bdc30b8: 305d e9c1 | 6d44 07f4 
[Stub Code]
  0x000001e61bdc30c0: ;   {no_reloc}
  0x000001e61bdc30c0: 0f1f 4400 

  0x000001e61bdc30c4: ;   {static_stub}
  0x000001e61bdc30c4: 0048 bb00 | 0000 0000 

  0x000001e61bdc30cc: ;   {runtime_call}
  0x000001e61bdc30cc: 0000 00e9 | fbff ffff 
[Exception Handler]
  0x000001e61bdc30d4: ;   {runtime_call handle_exception_from_callee Runtime1 stub}
  0x000001e61bdc30d4: e8a7 664d 

  0x000001e61bdc30d8: ;   {external_word}
  0x000001e61bdc30d8: 0748 b930 | 9a14 bef9 | 7f00 0048 

  0x000001e61bdc30e4: ;   {runtime_call}
  0x000001e61bdc30e4: 83e4 f049 | ba40 2bdd | bdf9 7f00 | 0041 ffd2 

  0x000001e61bdc30f4: ;   {section_word}
  0x000001e61bdc30f4: f449 baf5 | 30dc 1be6 | 0100 0041 

  0x000001e61bdc3100: ;   {runtime_call DeoptimizationBlob}
  0x000001e61bdc3100: 52e9 1a70 | 4307 f4f4 
[/MachCode]


---------------  P R O C E S S  ---------------

Threads class SMR info:
_java_thread_list=0x000001e673548030, length=12, elements={
0x000001e618fe0970, 0x000001e62ce60010, 0x000001e62ce61400, 0x000001e671f54fd0,
0x000001e671f723f0, 0x000001e671f72dc0, 0x000001e671f73890, 0x000001e671f764a0,
0x000001e671fd7910, 0x000001e671fda650, 0x000001e671ff77e0, 0x000001e67315ffc0
}

Java Threads: ( => current thread )
=>0x000001e618fe0970 JavaThread "main" [_thread_in_vm, id=4068, stack(0x0000000100500000,0x0000000100600000)]
  0x000001e62ce60010 JavaThread "Reference Handler" daemon [_thread_blocked, id=10756, stack(0x0000000100800000,0x0000000100900000)]
  0x000001e62ce61400 JavaThread "Finalizer" daemon [_thread_blocked, id=3544, stack(0x0000000100900000,0x0000000100a00000)]
  0x000001e671f54fd0 JavaThread "Signal Dispatcher" daemon [_thread_blocked, id=9020, stack(0x0000000100a00000,0x0000000100b00000)]
  0x000001e671f723f0 JavaThread "Attach Listener" daemon [_thread_blocked, id=14384, stack(0x0000000100b00000,0x0000000100c00000)]
  0x000001e671f72dc0 JavaThread "Service Thread" daemon [_thread_blocked, id=15156, stack(0x0000000100c00000,0x0000000100d00000)]
  0x000001e671f73890 JavaThread "Monitor Deflation Thread" daemon [_thread_blocked, id=6180, stack(0x0000000100d00000,0x0000000100e00000)]
  0x000001e671f764a0 JavaThread "C2 CompilerThread0" daemon [_thread_blocked, id=9832, stack(0x0000000100e00000,0x0000000100f00000)]
  0x000001e671fd7910 JavaThread "C1 CompilerThread0" daemon [_thread_blocked, id=14780, stack(0x0000000100f00000,0x0000000101000000)]
  0x000001e671fda650 JavaThread "Sweeper thread" daemon [_thread_blocked, id=11204, stack(0x0000000101000000,0x0000000101100000)]
  0x000001e671ff77e0 JavaThread "Common-Cleaner" daemon [_thread_blocked, id=7572, stack(0x0000000101100000,0x0000000101200000)]
  0x000001e67315ffc0 JavaThread "Notification Thread" daemon [_thread_blocked, id=4456, stack(0x0000000101200000,0x0000000101300000)]

Other Threads:
  0x000001e61906d0c0 VMThread "VM Thread" [stack: 0x0000000100700000,0x0000000100800000] [id=5924]
  0x000001e6722aafd0 WatcherThread [stack: 0x0000000101300000,0x0000000101400000] [id=896]
  0x000001e618ff7620 GCTaskThread "GC Thread#0" [stack: 0x0000000100600000,0x0000000100700000] [id=11064]
  0x000001e6732244a0 GCTaskThread "GC Thread#1" [stack: 0x0000000101400000,0x0000000101500000] [id=11472]
  0x000001e673253910 GCTaskThread "GC Thread#2" [stack: 0x0000000101500000,0x0000000101600000] [id=9304]
  0x000001e673253bd0 GCTaskThread "GC Thread#3" [stack: 0x0000000101600000,0x0000000101700000] [id=13580]
  0x000001e673253e90 GCTaskThread "GC Thread#4" [stack: 0x0000000101700000,0x0000000101800000] [id=12804]
  0x000001e673254150 GCTaskThread "GC Thread#5" [stack: 0x0000000101800000,0x0000000101900000] [id=9508]
  0x000001e673258420 GCTaskThread "GC Thread#6" [stack: 0x0000000101900000,0x0000000101a00000] [id=4348]

Threads with active compile tasks:

VM state: not at safepoint (normal execution)

VM Mutex/Monitor currently owned by a thread:  ([mutex/lock_event])
[0x000001e618fdb210] Metaspace_lock - owner thread: 0x000001e618fe0970

Heap address: 0x00000000c0000000, size: 1024 MB, Compressed Oops mode: 32-bit

CDS archive(s) not mapped
Compressed class space mapped at: 0x000001e62d000000-0x000001e66d000000, reserved size: 1073741824
Narrow klass base: 0x000001e62d000000, Narrow klass shift: 0, Narrow klass range: 0x40000000

GC Precious Log:
 CPUs: 8 total, 8 available
 Memory: 7884M
 Large Page Support: Disabled
 NUMA Support: Disabled
 Compressed Oops: Enabled (32-bit)
 Alignments: Space 512K, Generation 512K, Heap 2M
 Heap Min Capacity: 100M
 Heap Initial Capacity: 100M
 Heap Max Capacity: 1G
 Pre-touch: Disabled
 Parallel Workers: 8

Heap:
 PSYoungGen      total 29696K, used 8763K [0x00000000eab00000, 0x00000000ecc00000, 0x0000000100000000)
  eden space 25600K, 21% used [0x00000000eab00000,0x00000000eb06d6e8,0x00000000ec400000)
  from space 4096K, 78% used [0x00000000ec400000,0x00000000ec721848,0x00000000ec800000)
  to   space 4096K, 0% used [0x00000000ec800000,0x00000000ec800000,0x00000000ecc00000)
 ParOldGen       total 68608K, used 0K [0x00000000c0000000, 0x00000000c4300000, 0x00000000eab00000)
  object space 68608K, 0% used [0x00000000c0000000,0x00000000c0000000,0x00000000c4300000)
 Metaspace       used 12007K, committed 12096K, reserved 1114112K
  class space    used 1176K, committed 1216K, reserved 1048576K

Card table byte_map: [0x000001e618970000,0x000001e618b80000] _byte_map_base: 0x000001e618370000

Marking Bits: (ParMarkBitMap*) 0x00007ff9be3bd820
 Begin Bits: [0x000001e62ac70000, 0x000001e62bc70000)
 End Bits:   [0x000001e62bc70000, 0x000001e62cc70000)

Polling page: 0x000001e616f60000

Metaspace:

Usage:
  Non-class:     10.58 MB used.
      Class:      1.15 MB used.
       Both:     11.73 MB used.

Virtual space:
  Non-class space:       64.00 MB reserved,      10.62 MB ( 17%) committed,  1 nodes.
      Class space:        1.00 GB reserved,       1.19 MB ( <1%) committed,  1 nodes.
             Both:        1.06 GB reserved,      11.81 MB (  1%) committed. 

Chunk freelists:
   Non-Class:  4.48 MB
       Class:  14.62 MB
        Both:  19.11 MB

MaxMetaspaceSize: unlimited
CompressedClassSpaceSize: 1.00 GB
Initial GC threshold: 21.00 MB
Current GC threshold: 21.00 MB
CDS: off
MetaspaceReclaimPolicy: balanced
 - commit_granule_bytes: 65536.
 - commit_granule_words: 8192.
 - virtual_space_node_default_size: 8388608.
 - enlarge_chunks_in_place: 1.
 - new_chunks_are_fully_committed: 0.
 - uncommit_free_chunks: 1.
 - use_allocation_guard: 0.
 - handle_deallocations: 1.


Internal statistics:

num_allocs_failed_limit: 0.
num_arena_births: 30.
num_arena_deaths: 0.
num_vsnodes_births: 2.
num_vsnodes_deaths: 0.
num_space_committed: 189.
num_space_uncommitted: 0.
num_chunks_returned_to_freelist: 0.
num_chunks_taken_from_freelist: 135.
num_chunk_merges: 0.
num_chunk_splits: 91.
num_chunks_enlarged: 73.
num_inconsistent_stats: 0.

CodeHeap 'non-profiled nmethods': size=120000Kb used=465Kb max_used=465Kb free=119534Kb
 bounds [0x000001e623740000, 0x000001e6239b0000, 0x000001e62ac70000]
CodeHeap 'profiled nmethods': size=120000Kb used=2005Kb max_used=2005Kb free=117994Kb
 bounds [0x000001e61bc70000, 0x000001e61bee0000, 0x000001e6231a0000]
CodeHeap 'non-nmethods': size=5760Kb used=1155Kb max_used=1177Kb free=4604Kb
 bounds [0x000001e6231a0000, 0x000001e623410000, 0x000001e623740000]
 total_blobs=1541 nmethods=1103 adapters=353
 compilation: enabled
              stopped_count=0, restarted_count=0
 full_count=0

Compilation events (20 events):
Event: 4.574 Thread 0x000001e671fd7910 1095       3       org.lombokweb.asm.ClassReader::readUnsignedShort (26 bytes)
Event: 4.574 Thread 0x000001e671fd7910 nmethod 1095 0x000001e61be5b710 code [0x000001e61be5b8a0, 0x000001e61be5ba18]
Event: 4.579 Thread 0x000001e671fd7910 1096       3       java.lang.ClassLoader::defineClass (43 bytes)
Event: 4.580 Thread 0x000001e671fd7910 nmethod 1096 0x000001e61be5bb10 code [0x000001e61be5bd00, 0x000001e61be5c218]
Event: 4.580 Thread 0x000001e671fd7910 1097       3       java.lang.ClassLoader::preDefineClass (118 bytes)
Event: 4.583 Thread 0x000001e671fd7910 nmethod 1097 0x000001e61be5c490 code [0x000001e61be5c800, 0x000001e61be5daf8]
Event: 4.583 Thread 0x000001e671fd7910 1098   !   3       java.lang.ClassLoader::addClass (27 bytes)
Event: 4.583 Thread 0x000001e671fd7910 nmethod 1098 0x000001e61be5e210 code [0x000001e61be5e3e0, 0x000001e61be5e968]
Event: 4.583 Thread 0x000001e671fd7910 1099       3       java.lang.ClassLoader::getNamedPackage (73 bytes)
Event: 4.584 Thread 0x000001e671fd7910 nmethod 1099 0x000001e61be5ec90 code [0x000001e61be5ee80, 0x000001e61be5f3e8]
Event: 4.586 Thread 0x000001e671fd7910 1100       3       java.io.WinNTFileSystem::normalizePrefix (132 bytes)
Event: 4.590 Thread 0x000001e671fd7910 nmethod 1100 0x000001e61be5f610 code [0x000001e61be5fa40, 0x000001e61be61ac8]
Event: 4.598 Thread 0x000001e671fd7910 1101       3       sun.net.util.URLUtil::urlNoFragString (114 bytes)
Event: 4.600 Thread 0x000001e671fd7910 nmethod 1101 0x000001e61be62710 code [0x000001e61be62a40, 0x000001e61be63a88]
Event: 4.600 Thread 0x000001e671fd7910 1102   !   3       jdk.internal.ref.PhantomCleanable::insert (53 bytes)
Event: 4.600 Thread 0x000001e671fd7910 nmethod 1102 0x000001e61be64090 code [0x000001e61be64220, 0x000001e61be64478]
Event: 4.601 Thread 0x000001e671fd7910 1103       3       java.util.WeakHashMap::get (75 bytes)
Event: 4.601 Thread 0x000001e671fd7910 nmethod 1103 0x000001e61be64610 code [0x000001e61be64840, 0x000001e61be650f8]
Event: 4.603 Thread 0x000001e671fd7910 1104       1       java.net.JarURLConnection::getJarFileURL (5 bytes)
Event: 4.604 Thread 0x000001e671fd7910 nmethod 1104 0x000001e6237af610 code [0x000001e6237af7a0, 0x000001e6237af878]

GC Heap History (2 events):
Event: 4.201 GC heap before
{Heap before GC invocations=1 (full 0):
 PSYoungGen      total 29696K, used 25600K [0x00000000eab00000, 0x00000000ecc00000, 0x0000000100000000)
  eden space 25600K, 100% used [0x00000000eab00000,0x00000000ec400000,0x00000000ec400000)
  from space 4096K, 0% used [0x00000000ec800000,0x00000000ec800000,0x00000000ecc00000)
  to   space 4096K, 0% used [0x00000000ec400000,0x00000000ec400000,0x00000000ec800000)
 ParOldGen       total 68608K, used 0K [0x00000000c0000000, 0x00000000c4300000, 0x00000000eab00000)
  object space 68608K, 0% used [0x00000000c0000000,0x00000000c0000000,0x00000000c4300000)
 Metaspace       used 11003K, committed 11200K, reserved 1114112K
  class space    used 1093K, committed 1216K, reserved 1048576K
}
Event: 4.221 GC heap after
{Heap after GC invocations=1 (full 0):
 PSYoungGen      total 29696K, used 3206K [0x00000000eab00000, 0x00000000ecc00000, 0x0000000100000000)
  eden space 25600K, 0% used [0x00000000eab00000,0x00000000eab00000,0x00000000ec400000)
  from space 4096K, 78% used [0x00000000ec400000,0x00000000ec721848,0x00000000ec800000)
  to   space 4096K, 0% used [0x00000000ec800000,0x00000000ec800000,0x00000000ecc00000)
 ParOldGen       total 68608K, used 0K [0x00000000c0000000, 0x00000000c4300000, 0x00000000eab00000)
  object space 68608K, 0% used [0x00000000c0000000,0x00000000c0000000,0x00000000c4300000)
 Metaspace       used 11003K, committed 11200K, reserved 1114112K
  class space    used 1093K, committed 1216K, reserved 1048576K
}

Dll operation events (8 events):
Event: 0.024 Loaded shared library c:\Users\match\.cursor\extensions\redhat.java-1.31.0-win32-x64\jre\17.0.11-win32-x86_64\bin\java.dll
Event: 1.402 Loaded shared library c:\Users\match\.cursor\extensions\redhat.java-1.31.0-win32-x64\jre\17.0.11-win32-x86_64\bin\zip.dll
Event: 1.415 Loaded shared library C:\Users\match\.cursor\extensions\redhat.java-1.31.0-win32-x64\jre\17.0.11-win32-x86_64\bin\instrument.dll
Event: 1.499 Loaded shared library C:\Users\match\.cursor\extensions\redhat.java-1.31.0-win32-x64\jre\17.0.11-win32-x86_64\bin\net.dll
Event: 1.506 Loaded shared library C:\Users\match\.cursor\extensions\redhat.java-1.31.0-win32-x64\jre\17.0.11-win32-x86_64\bin\nio.dll
Event: 1.523 Loaded shared library C:\Users\match\.cursor\extensions\redhat.java-1.31.0-win32-x64\jre\17.0.11-win32-x86_64\bin\zip.dll
Event: 1.595 Loaded shared library C:\Users\match\.cursor\extensions\redhat.java-1.31.0-win32-x64\jre\17.0.11-win32-x86_64\bin\jimage.dll
Event: 1.825 Loaded shared library c:\Users\match\.cursor\extensions\redhat.java-1.31.0-win32-x64\jre\17.0.11-win32-x86_64\bin\verify.dll

Deoptimization events (20 events):
Event: 3.903 Thread 0x000001e618fe0970 DEOPT PACKING pc=0x000001e62377e704 sp=0x00000001005fdfa0
Event: 3.903 Thread 0x000001e618fe0970 DEOPT UNPACKING pc=0x000001e6231f9ea3 sp=0x00000001005fdee8 mode 2
Event: 3.903 Thread 0x000001e618fe0970 Uncommon trap: trap_request=0xffffff45 fr.pc=0x000001e623787a98 relative=0x0000000000000098
Event: 3.903 Thread 0x000001e618fe0970 Uncommon trap: reason=unstable_if action=reinterpret pc=0x000001e623787a98 method=java.util.HashMap.hash(Ljava/lang/Object;)I @ 1 c2
Event: 3.903 Thread 0x000001e618fe0970 DEOPT PACKING pc=0x000001e623787a98 sp=0x00000001005fde50
Event: 3.903 Thread 0x000001e618fe0970 DEOPT UNPACKING pc=0x000001e6231f9ea3 sp=0x00000001005fdde8 mode 2
Event: 4.548 Thread 0x000001e618fe0970 Uncommon trap: trap_request=0xffffff45 fr.pc=0x000001e62377a634 relative=0x0000000000000f74
Event: 4.548 Thread 0x000001e618fe0970 Uncommon trap: reason=unstable_if action=reinterpret pc=0x000001e62377a634 method=lombok.patcher.PatchScript.classMatches(Ljava/lang/String;Ljava/util/Collection;)Z @ 25 c2
Event: 4.548 Thread 0x000001e618fe0970 DEOPT PACKING pc=0x000001e62377a634 sp=0x00000001005f8180
Event: 4.548 Thread 0x000001e618fe0970 DEOPT UNPACKING pc=0x000001e6231f9ea3 sp=0x00000001005f80d8 mode 2
Event: 4.548 Thread 0x000001e618fe0970 Uncommon trap: trap_request=0xffffff45 fr.pc=0x000001e623797fa4 relative=0x0000000000000484
Event: 4.548 Thread 0x000001e618fe0970 Uncommon trap: reason=unstable_if action=reinterpret pc=0x000001e623797fa4 method=java.lang.String.<init>([BIILjava/nio/charset/Charset;)V @ 47 c2
Event: 4.548 Thread 0x000001e618fe0970 DEOPT PACKING pc=0x000001e623797fa4 sp=0x00000001005f7540
Event: 4.548 Thread 0x000001e618fe0970 DEOPT UNPACKING pc=0x000001e6231f9ea3 sp=0x00000001005f74f8 mode 2
Event: 4.551 Thread 0x000001e618fe0970 DEOPT PACKING pc=0x000001e61bce69d5 sp=0x00000001005f7610
Event: 4.551 Thread 0x000001e618fe0970 DEOPT UNPACKING pc=0x000001e6231fa9e3 sp=0x00000001005f6ac0 mode 0
Event: 4.582 Thread 0x000001e618fe0970 DEOPT PACKING pc=0x000001e61bce69d5 sp=0x00000001005f39f0
Event: 4.582 Thread 0x000001e618fe0970 DEOPT UNPACKING pc=0x000001e6231fa9e3 sp=0x00000001005f2ea0 mode 0
Event: 4.589 Thread 0x000001e618fe0970 DEOPT PACKING pc=0x000001e61bce69d5 sp=0x00000001005f39f0
Event: 4.589 Thread 0x000001e618fe0970 DEOPT UNPACKING pc=0x000001e6231fa9e3 sp=0x00000001005f2ea0 mode 0

Classes unloaded (0 events):
No events

Classes redefined (0 events):
No events

Internal exceptions (20 events):
Event: 2.999 Thread 0x000001e618fe0970 Exception <a 'java/io/FileNotFoundException'{0x00000000eb8608a0}> (0x00000000eb8608a0) 
thrown [s\src\hotspot\share\prims\jni.cpp, line 516]
Event: 2.999 Thread 0x000001e618fe0970 Exception <a 'java/io/FileNotFoundException'{0x00000000eb861590}> (0x00000000eb861590) 
thrown [s\src\hotspot\share\prims\jni.cpp, line 516]
Event: 3.000 Thread 0x000001e618fe0970 Exception <a 'java/io/FileNotFoundException'{0x00000000eb862250}> (0x00000000eb862250) 
thrown [s\src\hotspot\share\prims\jni.cpp, line 516]
Event: 3.078 Thread 0x000001e618fe0970 Implicit null exception at 0x000001e623764e72 to 0x000001e6237653e8
Event: 3.085 Thread 0x000001e618fe0970 Exception <a 'java/io/FileNotFoundException'{0x00000000eb89b7e0}> (0x00000000eb89b7e0) 
thrown [s\src\hotspot\share\prims\jni.cpp, line 516]
Event: 3.703 Thread 0x000001e618fe0970 Exception <a 'java/lang/ClassNotFoundException'{0x00000000ec0a54e8}: sun/net/www/protocol/c/Handler> (0x00000000ec0a54e8) 
thrown [s\src\hotspot\share\classfile\systemDictionary.cpp, line 256]
Event: 3.704 Thread 0x000001e618fe0970 Exception <a 'java/lang/ClassNotFoundException'{0x00000000ec0a6828}: sun/net/www/protocol/c/Handler> (0x00000000ec0a6828) 
thrown [s\src\hotspot\share\classfile\systemDictionary.cpp, line 256]
Event: 3.706 Thread 0x000001e618fe0970 Exception <a 'java/lang/ClassNotFoundException'{0x00000000ec0a79a0}: sun/net/www/protocol/c/Handler> (0x00000000ec0a79a0) 
thrown [s\src\hotspot\share\classfile\systemDictionary.cpp, line 256]
Event: 3.800 Thread 0x000001e618fe0970 Exception <a 'java/io/FileNotFoundException'{0x00000000ec0caff8}> (0x00000000ec0caff8) 
thrown [s\src\hotspot\share\prims\jni.cpp, line 516]
Event: 3.902 Thread 0x000001e618fe0970 Implicit null exception at 0x000001e623784f5b to 0x000001e6237858a4
Event: 3.903 Thread 0x000001e618fe0970 Implicit null exception at 0x000001e62379436c to 0x000001e62379454c
Event: 3.903 Thread 0x000001e618fe0970 Implicit null exception at 0x000001e623793cec to 0x000001e623793ed8
Event: 3.903 Thread 0x000001e618fe0970 Implicit null exception at 0x000001e623787a0f to 0x000001e623787a89
Event: 4.070 Thread 0x000001e618fe0970 Exception <a 'java/lang/NoSuchMethodError'{0x00000000ec3a49e8}: 'int java.lang.invoke.DirectMethodHandle$Holder.invokeStaticInit(java.lang.Object, java.lang.Object, java.lang.Object, java.lang.Object)'> (0x00000000ec3a49e8) 
thrown [s\src\hotspot\share\interpreter\linkResolver.cpp, line 759]
Event: 4.073 Thread 0x000001e618fe0970 Exception <a 'java/lang/NoSuchMethodError'{0x00000000ec3af058}: 'java.lang.Object java.lang.invoke.DirectMethodHandle$Holder.invokeInterface(java.lang.Object, java.lang.Object)'> (0x00000000ec3af058) 
thrown [s\src\hotspot\share\interpreter\linkResolver.cpp, line 759]
Event: 4.074 Thread 0x000001e618fe0970 Exception <a 'java/lang/IncompatibleClassChangeError'{0x00000000ec3b2850}: Found class java.lang.Object, but interface was expected> (0x00000000ec3b2850) 
thrown [s\src\hotspot\share\interpreter\linkResolver.cpp, line 826]
Event: 4.116 Thread 0x000001e618fe0970 Exception <a 'java/lang/NoSuchMethodError'{0x00000000ec3b6d40}: 'void java.lang.invoke.DirectMethodHandle$Holder.invokeStatic(java.lang.Object, java.lang.Object)'> (0x00000000ec3b6d40) 
thrown [s\src\hotspot\share\interpreter\linkResolver.cpp, line 759]
Event: 4.131 Thread 0x000001e618fe0970 Exception <a 'java/lang/NoSuchMethodError'{0x00000000ec3ba540}: 'void java.lang.invoke.DirectMethodHandle$Holder.invokeStaticInit(java.lang.Object, java.lang.Object)'> (0x00000000ec3ba540) 
thrown [s\src\hotspot\share\interpreter\linkResolver.cpp, line 759]
Event: 4.133 Thread 0x000001e618fe0970 Exception <a 'java/lang/NoSuchMethodError'{0x00000000ec3c1b90}: 'int java.lang.invoke.DirectMethodHandle$Holder.invokeStaticInit(java.lang.Object, java.lang.Object)'> (0x00000000ec3c1b90) 
thrown [s\src\hotspot\share\interpreter\linkResolver.cpp, line 759]
Event: 4.301 Thread 0x000001e618fe0970 Exception <a 'java/lang/NoSuchMethodError'{0x00000000eabef6d0}: 'void java.lang.invoke.DirectMethodHandle$Holder.invokeSpecial(java.lang.Object, java.lang.Object, java.lang.Object)'> (0x00000000eabef6d0) 
thrown [s\src\hotspot\share\interpreter\linkResolver.cpp, line 759]

VM Operations (16 events):
Event: 1.315 Executing VM operation: HandshakeAllThreads
Event: 1.315 Executing VM operation: HandshakeAllThreads done
Event: 1.315 Executing VM operation: Cleanup
Event: 1.315 Executing VM operation: Cleanup done
Event: 1.646 Executing VM operation: HandshakeAllThreads
Event: 1.646 Executing VM operation: HandshakeAllThreads done
Event: 2.660 Executing VM operation: Cleanup
Event: 2.679 Executing VM operation: Cleanup done
Event: 2.915 Executing VM operation: HandshakeAllThreads
Event: 2.915 Executing VM operation: HandshakeAllThreads done
Event: 2.962 Executing VM operation: HandshakeAllThreads
Event: 2.962 Executing VM operation: HandshakeAllThreads done
Event: 3.977 Executing VM operation: Cleanup
Event: 3.977 Executing VM operation: Cleanup done
Event: 4.201 Executing VM operation: ParallelGCFailedAllocation
Event: 4.222 Executing VM operation: ParallelGCFailedAllocation done

Events (20 events):
Event: 4.389 loading class java/util/concurrent/SynchronousQueue$TransferStack
Event: 4.389 loading class java/util/concurrent/SynchronousQueue$Transferer
Event: 4.389 loading class java/util/concurrent/SynchronousQueue$Transferer done
Event: 4.389 loading class java/util/concurrent/SynchronousQueue$TransferStack done
Event: 4.389 loading class java/util/concurrent/SynchronousQueue$TransferStack$SNode
Event: 4.389 loading class java/util/concurrent/ForkJoinPool$ManagedBlocker
Event: 4.389 loading class java/util/concurrent/ForkJoinPool$ManagedBlocker done
Event: 4.389 loading class java/util/concurrent/SynchronousQueue$TransferStack$SNode done
Event: 4.394 loading class java/util/concurrent/RejectedExecutionHandler
Event: 4.394 loading class java/util/concurrent/RejectedExecutionHandler done
Event: 4.395 loading class java/util/concurrent/LinkedBlockingQueue
Event: 4.395 loading class java/util/concurrent/LinkedBlockingQueue done
Event: 4.395 loading class java/util/concurrent/LinkedBlockingQueue$Node
Event: 4.396 loading class java/util/concurrent/LinkedBlockingQueue$Node done
Event: 4.433 loading class java/util/concurrent/Semaphore$NonfairSync
Event: 4.433 loading class java/util/concurrent/Semaphore$Sync
Event: 4.433 loading class java/util/concurrent/Semaphore$Sync done
Event: 4.433 loading class java/util/concurrent/Semaphore$NonfairSync done
Event: 4.596 loading class java/lang/TypeNotPresentException
Event: 4.596 loading class java/lang/TypeNotPresentException done


Dynamic libraries:
0x00007ff7d1420000 - 0x00007ff7d142e000 	c:\Users\match\.cursor\extensions\redhat.java-1.31.0-win32-x64\jre\17.0.11-win32-x86_64\bin\java.exe
0x00007ffa4d1d0000 - 0x00007ffa4d3e7000 	C:\WINDOWS\SYSTEM32\ntdll.dll
0x00007ffa4c970000 - 0x00007ffa4ca34000 	C:\WINDOWS\System32\KERNEL32.DLL
0x00007ffa4a500000 - 0x00007ffa4a8ac000 	C:\WINDOWS\System32\KERNELBASE.dll
0x00007ffa4ad10000 - 0x00007ffa4ae21000 	C:\WINDOWS\System32\ucrtbase.dll
0x00007ffa029a0000 - 0x00007ffa029b7000 	c:\Users\match\.cursor\extensions\redhat.java-1.31.0-win32-x64\jre\17.0.11-win32-x86_64\bin\jli.dll
0x00007ffa4cbe0000 - 0x00007ffa4cd8e000 	C:\WINDOWS\System32\USER32.dll
0x00007ffa4aee0000 - 0x00007ffa4af06000 	C:\WINDOWS\System32\win32u.dll
0x00007ffa4bf30000 - 0x00007ffa4bf59000 	C:\WINDOWS\System32\GDI32.dll
0x00007ffa4a8b0000 - 0x00007ffa4a9c9000 	C:\WINDOWS\System32\gdi32full.dll
0x00007ffa4abb0000 - 0x00007ffa4ac4a000 	C:\WINDOWS\System32\msvcp_win.dll
0x00007ffa01c10000 - 0x00007ffa01c2b000 	c:\Users\match\.cursor\extensions\redhat.java-1.31.0-win32-x64\jre\17.0.11-win32-x86_64\bin\VCRUNTIME140.dll
0x00007ffa31610000 - 0x00007ffa318a3000 	C:\WINDOWS\WinSxS\amd64_microsoft.windows.common-controls_6595b64144ccf1df_6.0.22621.3672_none_2713b9d173822955\COMCTL32.dll
0x00007ffa4d050000 - 0x00007ffa4d0f7000 	C:\WINDOWS\System32\msvcrt.dll
0x00007ffa4b8a0000 - 0x00007ffa4b8d1000 	C:\WINDOWS\System32\IMM32.DLL
0x00007ffa28f30000 - 0x00007ffa28f3c000 	c:\Users\match\.cursor\extensions\redhat.java-1.31.0-win32-x64\jre\17.0.11-win32-x86_64\bin\vcruntime140_1.dll
0x00007ff9f9200000 - 0x00007ff9f928d000 	c:\Users\match\.cursor\extensions\redhat.java-1.31.0-win32-x64\jre\17.0.11-win32-x86_64\bin\msvcp140.dll
0x00007ff9bd820000 - 0x00007ff9be482000 	c:\Users\match\.cursor\extensions\redhat.java-1.31.0-win32-x64\jre\17.0.11-win32-x86_64\bin\server\jvm.dll
0x00007ffa4bb50000 - 0x00007ffa4bc02000 	C:\WINDOWS\System32\ADVAPI32.dll
0x00007ffa4b910000 - 0x00007ffa4b9b8000 	C:\WINDOWS\System32\sechost.dll
0x00007ffa4ae30000 - 0x00007ffa4ae58000 	C:\WINDOWS\System32\bcrypt.dll
0x00007ffa4cdf0000 - 0x00007ffa4cf05000 	C:\WINDOWS\System32\RPCRT4.dll
0x00007ffa49390000 - 0x00007ffa493dd000 	C:\WINDOWS\SYSTEM32\POWRPROF.dll
0x00007ffa44290000 - 0x00007ffa44299000 	C:\WINDOWS\SYSTEM32\WSOCK32.dll
0x00007ffa4d100000 - 0x00007ffa4d171000 	C:\WINDOWS\System32\WS2_32.dll
0x00007ffa40d80000 - 0x00007ffa40db4000 	C:\WINDOWS\SYSTEM32\WINMM.dll
0x00007ffa411d0000 - 0x00007ffa411da000 	C:\WINDOWS\SYSTEM32\VERSION.dll
0x00007ffa49370000 - 0x00007ffa49383000 	C:\WINDOWS\SYSTEM32\UMPDC.dll
0x00007ffa495c0000 - 0x00007ffa495d8000 	C:\WINDOWS\SYSTEM32\kernel.appcore.dll
0x00007ffa27720000 - 0x00007ffa2772a000 	c:\Users\match\.cursor\extensions\redhat.java-1.31.0-win32-x64\jre\17.0.11-win32-x86_64\bin\jimage.dll
0x00007ffa47e40000 - 0x00007ffa48072000 	C:\WINDOWS\SYSTEM32\DBGHELP.DLL
0x00007ffa4af30000 - 0x00007ffa4b2b8000 	C:\WINDOWS\System32\combase.dll
0x00007ffa4b9c0000 - 0x00007ffa4ba97000 	C:\WINDOWS\System32\OLEAUT32.dll
0x00007ffa17620000 - 0x00007ffa17652000 	C:\WINDOWS\SYSTEM32\dbgcore.DLL
0x00007ffa4ae60000 - 0x00007ffa4aedb000 	C:\WINDOWS\System32\bcryptPrimitives.dll
0x00007ffa272b0000 - 0x00007ffa272be000 	c:\Users\match\.cursor\extensions\redhat.java-1.31.0-win32-x64\jre\17.0.11-win32-x86_64\bin\instrument.dll
0x00007ff9fffe0000 - 0x00007ffa00005000 	c:\Users\match\.cursor\extensions\redhat.java-1.31.0-win32-x64\jre\17.0.11-win32-x86_64\bin\java.dll
0x00007ff9fffc0000 - 0x00007ff9fffd8000 	c:\Users\match\.cursor\extensions\redhat.java-1.31.0-win32-x64\jre\17.0.11-win32-x86_64\bin\zip.dll
0x00007ffa4c110000 - 0x00007ffa4c96c000 	C:\WINDOWS\System32\SHELL32.dll
0x00007ffa482f0000 - 0x00007ffa48be7000 	C:\WINDOWS\SYSTEM32\windows.storage.dll
0x00007ffa48c20000 - 0x00007ffa48d5f000 	C:\WINDOWS\SYSTEM32\wintypes.dll
0x00007ffa4cae0000 - 0x00007ffa4cbd4000 	C:\WINDOWS\System32\SHCORE.dll
0x00007ffa4cd90000 - 0x00007ffa4cdee000 	C:\WINDOWS\System32\shlwapi.dll
0x00007ffa4a430000 - 0x00007ffa4a451000 	C:\WINDOWS\SYSTEM32\profapi.dll
0x00007ff9fb990000 - 0x00007ff9fb9a9000 	C:\Users\match\.cursor\extensions\redhat.java-1.31.0-win32-x64\jre\17.0.11-win32-x86_64\bin\net.dll
0x00007ffa42220000 - 0x00007ffa42356000 	C:\WINDOWS\SYSTEM32\WINHTTP.dll
0x00007ffa49a90000 - 0x00007ffa49af9000 	C:\WINDOWS\system32\mswsock.dll
0x00007ff9fb970000 - 0x00007ff9fb986000 	C:\Users\match\.cursor\extensions\redhat.java-1.31.0-win32-x64\jre\17.0.11-win32-x86_64\bin\nio.dll
0x00007ffa26fa0000 - 0x00007ffa26fb0000 	c:\Users\match\.cursor\extensions\redhat.java-1.31.0-win32-x64\jre\17.0.11-win32-x86_64\bin\verify.dll

dbghelp: loaded successfully - version: 4.0.5 - missing functions: none
symbol engine: initialized successfully - sym options: 0x614 - pdb path: .;c:\Users\match\.cursor\extensions\redhat.java-1.31.0-win32-x64\jre\17.0.11-win32-x86_64\bin;C:\WINDOWS\SYSTEM32;C:\WINDOWS\WinSxS\amd64_microsoft.windows.common-controls_6595b64144ccf1df_6.0.22621.3672_none_2713b9d173822955;c:\Users\match\.cursor\extensions\redhat.java-1.31.0-win32-x64\jre\17.0.11-win32-x86_64\bin\server

VM Arguments:
jvm_args: --add-modules=ALL-SYSTEM --add-opens=java.base/java.util=ALL-UNNAMED --add-opens=java.base/java.lang=ALL-UNNAMED --add-opens=java.base/sun.nio.fs=ALL-UNNAMED -Declipse.application=org.eclipse.jdt.ls.core.id1 -Dosgi.bundles.defaultStartLevel=4 -Declipse.product=org.eclipse.jdt.ls.core.product -Djava.import.generatesMetadataFilesAtProjectRoot=false -DDetectVMInstallationsJob.disabled=true -Dfile.encoding=utf8 -XX:+UseParallelGC -XX:GCTimeRatio=4 -XX:AdaptiveSizePolicyWeight=90 -Dsun.zip.disableMemoryMapping=true -Xmx1G -Xms100m -Xlog:disable -javaagent:c:\Users\match\.cursor\extensions\redhat.java-1.31.0-win32-x64\lombok\lombok-1.18.32.jar 
java_command: c:\Users\match\.cursor\extensions\redhat.java-1.31.0-win32-x64\server\plugins\org.eclipse.equinox.launcher_1.6.800.v20240513-1750.jar -configuration c:\Users\match\AppData\Roaming\Cursor\User\globalStorage\redhat.java\1.31.0\config_ss_win -data c:\Users\match\AppData\Roaming\Cursor\User\workspaceStorage\8df9b958dab73af2217467e2a8126c77\redhat.java\ss_ws --pipe=\\.\pipe\lsp-1953b6da81a42ecfc5bc8892050afbd6-sock
java_class_path (initial): c:\Users\match\.cursor\extensions\redhat.java-1.31.0-win32-x64\server\plugins\org.eclipse.equinox.launcher_1.6.800.v20240513-1750.jar
Launcher Type: SUN_STANDARD

[Global flags]
    uintx AdaptiveSizePolicyWeight                 = 90                                        {product} {command line}
     intx CICompilerCount                          = 4                                         {product} {ergonomic}
    uintx GCTimeRatio                              = 4                                         {product} {command line}
   size_t InitialHeapSize                          = 104857600                                 {product} {command line}
   size_t MaxHeapSize                              = 1073741824                                {product} {command line}
   size_t MaxNewSize                               = 357564416                                 {product} {ergonomic}
   size_t MinHeapDeltaBytes                        = 524288                                    {product} {ergonomic}
   size_t MinHeapSize                              = 104857600                                 {product} {command line}
   size_t NewSize                                  = 34603008                                  {product} {ergonomic}
    uintx NonNMethodCodeHeapSize                   = 5839372                                {pd product} {ergonomic}
    uintx NonProfiledCodeHeapSize                  = 122909434                              {pd product} {ergonomic}
   size_t OldSize                                  = 70254592                                  {product} {ergonomic}
    uintx ProfiledCodeHeapSize                     = 122909434                              {pd product} {ergonomic}
    uintx ReservedCodeCacheSize                    = 251658240                              {pd product} {ergonomic}
     bool SegmentedCodeCache                       = true                                      {product} {ergonomic}
   size_t SoftMaxHeapSize                          = 1073741824                             {manageable} {ergonomic}
     bool UseCompressedClassPointers               = true                           {product lp64_product} {ergonomic}
     bool UseCompressedOops                        = true                           {product lp64_product} {ergonomic}
     bool UseLargePagesIndividualAllocation        = false                                  {pd product} {ergonomic}
     bool UseParallelGC                            = true                                      {product} {command line}

Logging:
Log output configuration:
 #0: stdout all=off uptime,level,tags
 #1: stderr all=off uptime,level,tags

Environment Variables:
JAVA_HOME=C:\Program Files\Java\javafx-sdk-22.0.0.10
PATH=c:\Users\match\AppData\Local\Programs\cursor\resources\app\bin;C:\Program Files\Eclipse Adoptium\jdk-21.0.2.13-hotspot\bin;C:\Program Files\Common Files\Oracle\Java\javapath;C:\Program Files (x86)\Falcon\MinGW\bin;C:\Windows\system32;C:\Windows;C:\Windows\System32\Wbem;C:\Windows\System32\WindowsPowerShell\v1.0\;C:\Windows\System32\OpenSSH\;C:\WINDOWS\system32;C:\WINDOWS;C:\WINDOWS\System32\Wbem;C:\WINDOWS\System32\WindowsPowerShell\v1.0\;C:\WINDOWS\System32\OpenSSH\;C:\MinGW\bin;C:\Users\match\AppData\Local\Microsoft\WindowsApps;C:\Program Files\JetBrains\IntelliJ IDEA 2023.3.2\bin;C:\Program Files\JetBrains\IntelliJ IDEA Community Edition 2023.3.2\bin;C:\Program Files (x86)\Nmap;C:\adb;C:\Users\match\AppData\Local\Programs\Python\Python37\;C:\Users\match\AppData\Local\Programs\Python\Python37\Scripts\;C:\Users\match\AppData\Local\Programs\Python\Python37\;C:\Users\match\AppData\Local\Microsoft\WindowsApps;C:\MinGW\bin;C:\Program Files\JetBrains\IntelliJ IDEA 2023.3.2\bin;C:\Program;c:\Users\match\AppData\Local\Programs\cursor\resources\app\bin;C:\Program Files\Git\cmd;C:\Users\match\AppData\Local\Programs\Python\Python37\Scripts\;C:\Users\match\AppData\Local\Programs\Python\Python37\;C:\Users\match\AppData\Local\Microsoft\WindowsApps;C:\MinGW\bin;C:\Program Files\JetBrains\IntelliJ IDEA 2023.3.2\bin;;C:\Program Files\JetBrains\IntelliJ IDEA Community Edition 2023.3.2\bin;;C:\Program Files (x86)\Nmap;C:\Users\match\AppData\Local\spicetify
USERNAME=match
OS=Windows_NT
PROCESSOR_IDENTIFIER=Intel64 Family 6 Model 140 Stepping 1, GenuineIntel
TMP=C:\Users\match\AppData\Local\Temp
TEMP=C:\Users\match\AppData\Local\Temp



Periodic native trim disabled


---------------  S Y S T E M  ---------------

OS:
 Windows 11 , 64 bit Build 22621 (10.0.22621.3672)
OS uptime: 0 days 12:02 hours

CPU: total 8 (initial active 8) (4 cores per cpu, 2 threads per core) family 6 model 140 stepping 1 microcode 0x86, cx8, cmov, fxsr, ht, mmx, 3dnowpref, sse, sse2, sse3, ssse3, sse4.1, sse4.2, popcnt, lzcnt, tsc, tscinvbit, avx, avx2, aes, erms, clmul, bmi1, bmi2, adx, avx512f, avx512dq, avx512cd, avx512bw, avx512vl, sha, fma, vzeroupper, avx512_vpopcntdq, avx512_vpclmulqdq, avx512_vaes, avx512_vnni, clflush, clflushopt, clwb, avx512_vbmi2, avx512_vbmi
Processor Information for all 8 processors :
  Max Mhz: 2419, Current Mhz: 2419, Mhz Limit: 2419

Memory: 4k page, system-wide physical 7884M (492M free)
TotalPageFile size 16076M (AvailPageFile size 375M)
current process WorkingSet (physical memory assigned to process): 79M, peak: 81M
current process commit charge ("private bytes"): 201M, peak: 202M

vm_info: OpenJDK 64-Bit Server VM (17.0.11+9) for windows-amd64 JRE (17.0.11+9), built on Apr 17 2024 06:07:48 by "admin" with MS VC++ 16.10 / 16.11 (VS2019)

END.
