#
# There is insufficient memory for the Java Runtime Environment to continue.
# Native memory allocation (mmap) failed to map 65536 bytes. Error detail: Failed to commit metaspace.
# Possible reasons:
#   The system is out of physical RAM or swap space
#   This process is running with CompressedOops enabled, and the Java Heap may be blocking the growth of the native heap
# Possible solutions:
#   Reduce memory load on the system
#   Increase physical memory or swap space
#   Check if swap backing store is full
#   Decrease Java heap size (-Xmx/-Xms)
#   Decrease number of Java threads
#   Decrease Java thread stack sizes (-Xss)
#   Set larger code cache with -XX:ReservedCodeCacheSize=
#   JVM is running with Unscaled Compressed Oops mode in which the Java heap is
#     placed in the first 4GB address space. The Java Heap base address is the
#     maximum limit for the native heap growth. Please use -XX:HeapBaseMinAddress
#     to set the Java Heap base and to place the Java Heap above 4GB virtual address.
# This output file may be truncated or incomplete.
#
#  Out of Memory Error (virtualSpaceNode.cpp:110), pid=5760, tid=6196
#
# JRE version: OpenJDK Runtime Environment Temurin-17.0.11+9 (17.0.11+9) (build 17.0.11+9)
# Java VM: OpenJDK 64-Bit Server VM Temurin-17.0.11+9 (17.0.11+9, mixed mode, tiered, compressed oops, compressed class ptrs, parallel gc, windows-amd64)
# No core dump will be written. Minidumps are not enabled by default on client versions of Windows
#

---------------  S U M M A R Y ------------

Command Line: --add-modules=ALL-SYSTEM --add-opens=java.base/java.util=ALL-UNNAMED --add-opens=java.base/java.lang=ALL-UNNAMED --add-opens=java.base/sun.nio.fs=ALL-UNNAMED -Declipse.application=org.eclipse.jdt.ls.core.id1 -Dosgi.bundles.defaultStartLevel=4 -Declipse.product=org.eclipse.jdt.ls.core.product -Djava.import.generatesMetadataFilesAtProjectRoot=false -DDetectVMInstallationsJob.disabled=true -Dfile.encoding=utf8 -XX:+UseParallelGC -XX:GCTimeRatio=4 -XX:AdaptiveSizePolicyWeight=90 -Dsun.zip.disableMemoryMapping=true -Xmx1G -Xms100m -Xlog:disable -javaagent:c:\Users\match\.cursor\extensions\redhat.java-1.31.0-win32-x64\lombok\lombok-1.18.32.jar -XX:+HeapDumpOnOutOfMemoryError -XX:HeapDumpPath=c:\Users\match\AppData\Roaming\Cursor\User\workspaceStorage\8df9b958dab73af2217467e2a8126c77\redhat.java -Daether.dependencyCollector.impl=bf c:\Users\match\.cursor\extensions\redhat.java-1.31.0-win32-x64\server\plugins\org.eclipse.equinox.launcher_1.6.800.v20240513-1750.jar -configuration c:\Users\match\AppData\Roaming\Cursor\User\globalStorage\redhat.java\1.31.0\config_win -data c:\Users\match\AppData\Roaming\Cursor\User\workspaceStorage\8df9b958dab73af2217467e2a8126c77\redhat.java\jdt_ws --pipe=\\.\pipe\lsp-f001e3ae2aab1ef1851662f258dccd6c-sock

Host: 11th Gen Intel(R) Core(TM) i5-1135G7 @ 2.40GHz, 8 cores, 7G,  Windows 11 , 64 bit Build 22621 (10.0.22621.3672)
Time: Tue Jun  4 01:35:56 2024 SE Asia Standard Time elapsed time: 2.789238 seconds (0d 0h 0m 2s)

---------------  T H R E A D  ---------------

Current thread (0x00000180d6be1bd0):  JavaThread "main" [_thread_in_vm, id=6196, stack(0x0000002307100000,0x0000002307200000)]

Stack: [0x0000002307100000,0x0000002307200000]
Native frames: (J=compiled Java code, j=interpreted, Vv=VM code, C=native code)
V  [jvm.dll+0x67d429]
V  [jvm.dll+0x834b7a]
V  [jvm.dll+0x83663e]
V  [jvm.dll+0x836ca3]
V  [jvm.dll+0x247dbf]
V  [jvm.dll+0x83083b]
V  [jvm.dll+0x621d56]
V  [jvm.dll+0x621dba]
V  [jvm.dll+0x6245ea]
V  [jvm.dll+0x6226f6]
V  [jvm.dll+0x23c27f]
V  [jvm.dll+0x62c585]
V  [jvm.dll+0x1ebb1b]
V  [jvm.dll+0x1ec055]
V  [jvm.dll+0x1ecb10]
V  [jvm.dll+0x1e1f11]
V  [jvm.dll+0x54250e]
V  [jvm.dll+0x1f2957]
V  [jvm.dll+0x7ae0cb]
V  [jvm.dll+0x7af499]
V  [jvm.dll+0x7af7e8]
V  [jvm.dll+0x24007e]
V  [jvm.dll+0x2402cf]
V  [jvm.dll+0x5607e8]
V  [jvm.dll+0x5636e7]
V  [jvm.dll+0x386582]
V  [jvm.dll+0x385bef]
C  0x00000180e25a9d83

The last pc belongs to invokestatic (printed below).
Java frames: (J=compiled Java code, j=interpreted, Vv=VM code)
j  jdk.internal.reflect.ReflectionFactory.newFieldAccessor(Ljava/lang/reflect/Field;Z)Ljdk/internal/reflect/FieldAccessor;+79 java.base@17.0.11
j  java.lang.reflect.Field.acquireFieldAccessor(Z)Ljdk/internal/reflect/FieldAccessor;+47 java.base@17.0.11
j  java.lang.reflect.Field.getFieldAccessor(Ljava/lang/Object;)Ljdk/internal/reflect/FieldAccessor;+31 java.base@17.0.11
j  java.lang.reflect.Field.get(Ljava/lang/Object;)Ljava/lang/Object;+19 java.base@17.0.11
j  org.eclipse.osgi.internal.url.MultiplexingFactory.<clinit>()V+22
v  ~StubRoutines::call_stub
j  org.eclipse.osgi.storage.FrameworkExtensionInstaller.findAddURLMethod(Ljava/lang/ClassLoader;Ljava/lang/String;)Ljava/lang/reflect/Method;+20
j  org.eclipse.osgi.storage.FrameworkExtensionInstaller.<clinit>()V+13
v  ~StubRoutines::call_stub
j  org.eclipse.osgi.storage.Storage.<init>(Lorg/eclipse/osgi/internal/framework/EquinoxContainer;[Ljava/lang/String;)V+240
j  org.eclipse.osgi.storage.Storage.createStorage(Lorg/eclipse/osgi/internal/framework/EquinoxContainer;)Lorg/eclipse/osgi/storage/Storage;+11
j  org.eclipse.osgi.internal.framework.EquinoxContainer.<init>(Ljava/util/Map;Lorg/osgi/framework/connect/ModuleConnector;)V+146
j  org.eclipse.osgi.launch.Equinox.<init>(Ljava/util/Map;Lorg/osgi/framework/connect/ModuleConnector;)V+10
j  org.eclipse.osgi.launch.Equinox.<init>(Ljava/util/Map;)V+3
j  org.eclipse.core.runtime.adaptor.EclipseStarter.startup([Ljava/lang/String;Ljava/lang/Runnable;)Lorg/osgi/framework/BundleContext;+28
j  org.eclipse.core.runtime.adaptor.EclipseStarter.run([Ljava/lang/String;Ljava/lang/Runnable;)Ljava/lang/Object;+21
v  ~StubRoutines::call_stub
j  jdk.internal.reflect.NativeMethodAccessorImpl.invoke0(Ljava/lang/reflect/Method;Ljava/lang/Object;[Ljava/lang/Object;)Ljava/lang/Object;+0 java.base@17.0.11
j  jdk.internal.reflect.NativeMethodAccessorImpl.invoke(Ljava/lang/Object;[Ljava/lang/Object;)Ljava/lang/Object;+133 java.base@17.0.11
j  jdk.internal.reflect.DelegatingMethodAccessorImpl.invoke(Ljava/lang/Object;[Ljava/lang/Object;)Ljava/lang/Object;+6 java.base@17.0.11
j  java.lang.reflect.Method.invoke(Ljava/lang/Object;[Ljava/lang/Object;)Ljava/lang/Object;+59 java.base@17.0.11
j  org.eclipse.equinox.launcher.Main.invokeFramework([Ljava/lang/String;[Ljava/net/URL;)V+202
j  org.eclipse.equinox.launcher.Main.basicRun([Ljava/lang/String;)V+159
j  org.eclipse.equinox.launcher.Main.run([Ljava/lang/String;)I+4
j  org.eclipse.equinox.launcher.Main.main([Ljava/lang/String;)V+10
v  ~StubRoutines::call_stub
invokestatic  184 invokestatic  [0x00000180e25a9ce0, 0x00000180e25a9fc0]  736 bytes
[MachCode]
  0x00000180e25a9ce0: 4883 ec08 | c5fa 1104 | 24eb 1f48 | 83ec 10c5 | fb11 0424 | eb14 4883 | ec10 4889 | 0424 48c7 
  0x00000180e25a9d00: 4424 0800 | 0000 00eb | 0150 4c89 | 6dc0 410f | b755 0148 | 8b4d d0c1 | e202 8b5c | d120 c1eb 
  0x00000180e25a9d20: 1081 e3ff | 0000 0081 | fbb8 0000 | 000f 84b6 | 0000 00bb | b800 0000 | e805 0000 | 00e9 9b00 
  0x00000180e25a9d40: 0000 488b | d348 8d44 | 2408 4c89 | 6dc0 498b | cfc5 f877 | 4989 afa8 | 0200 0049 | 8987 9802 
  0x00000180e25a9d60: 0000 4883 | ec20 f7c4 | 0f00 0000 | 0f84 1a00 | 0000 4883 | ec08 49ba | 805b babd | f97f 0000 
  0x00000180e25a9d80: 41ff d248 | 83c4 08e9 | 0d00 0000 | 49ba 805b | babd f97f | 0000 41ff | d248 83c4 | 2049 c787 
  0x00000180e25a9da0: 9802 0000 | 0000 0000 | 49c7 87a8 | 0200 0000 | 0000 0049 | c787 a002 | 0000 0000 | 0000 c5f8 
  0x00000180e25a9dc0: 7749 817f | 0800 0000 | 000f 8405 | 0000 00e9 | 2c71 feff | 4c8b 6dc0 | 4c8b 75c8 | c341 0fb7 
  0x00000180e25a9de0: 5501 488b | 4dd0 c1e2 | 0248 8b5c | d128 488b | 5b08 488b | 5b08 488b | 5b18 80bb | 3301 0000 
  0x00000180e25a9e00: 040f 840d | 0000 004c | 3bbb 3801 | 0000 0f85 | 1fff ffff | 488b 5cd1 | 288b 54d1 | 38c1 ea1c 
  0x00000180e25a9e20: 49ba e060 | 3cbe f97f | 0000 498b | 14d2 5248 | 8b45 d848 | 85c0 0f84 | 1200 0000 | 4883 4008 
  0x00000180e25a9e40: 0148 8358 | 0800 4883 | c010 4889 | 45d8 488b | 45d8 4885 | c00f 8445 | 0100 0080 | 78f0 0a0f 
  0x00000180e25a9e60: 853b 0100 | 0048 83c0 | 084c 8b68 | f841 83ed | 0041 83fd | 020f 8c1a | 0100 004c | 8b6b 0845 
  0x00000180e25a9e80: 0fb7 6d2c | 4c2b 2841 | 83ed 014e | 8b6c ec08 | 4d85 ed75 | 1248 f740 | 0801 0000 | 0075 58f0 
  0x00000180e25a9ea0: 4883 4808 | 01eb 5045 | 8b6d 0849 | c1e5 034d | 8bd5 4c33 | 6808 49f7 | c5fc ffff | ff74 3849 
  0x00000180e25a9ec0: f7c5 0200 | 0000 752f | 4881 7808 | 0000 0000 | 7421 4881 | 7808 0100 | 0000 7417 | 4d8b ea4c 
  0x00000180e25a9ee0: 3368 0849 | f7c5 fcff | ffff 740b | 4883 4808 | 02eb 044c | 8968 0848 | 83c0 104c | 8b68 e841 
  0x00000180e25a9f00: 83ed 0241 | 83fd 020f | 8c88 0000 | 004c 8b6b | 0845 0fb7 | 6d2c 4c2b | 2841 83ed | 014e 8b6c 
  0x00000180e25a9f20: ec08 4d85 | ed75 1248 | f740 0801 | 0000 0075 | 58f0 4883 | 4808 01eb | 5045 8b6d | 0849 c1e5 
  0x00000180e25a9f40: 034d 8bd5 | 4c33 6808 | 49f7 c5fc | ffff ff74 | 3849 f7c5 | 0200 0000 | 752f 4881 | 7808 0000 
  0x00000180e25a9f60: 0000 7421 | 4881 7808 | 0100 0000 | 7417 4d8b | ea4c 3368 | 0849 f7c5 | fcff ffff | 740b 4883 
  0x00000180e25a9f80: 4808 02eb | 044c 8968 | 0848 83c0 | 104c 8b68 | d841 83ed | 0441 c1e5 | 0349 03c5 | 4889 45d8 
  0x00000180e25a9fa0: 4c8d 6c24 | 084c 896d | f0ff 6350 | 0f1f 4000 | 0000 0000 | 0000 0000 | 0000 0000 | 0000 0000 
[/MachCode]

---------------  P R O C E S S  ---------------

Threads class SMR info:
_java_thread_list=0x00000180f336d930, length=12, elements={
0x00000180d6be1bd0, 0x00000180ec9c4020, 0x00000180ec9c6520, 0x00000180f1b09650,
0x00000180f1b09f20, 0x00000180f1b133a0, 0x00000180f1b15990, 0x00000180f1b1ac10,
0x00000180f1b1e200, 0x00000180f1b2f640, 0x00000180f1ba8630, 0x00000180f1e70990
}

Java Threads: ( => current thread )
=>0x00000180d6be1bd0 JavaThread "main" [_thread_in_vm, id=6196, stack(0x0000002307100000,0x0000002307200000)]
  0x00000180ec9c4020 JavaThread "Reference Handler" daemon [_thread_blocked, id=6524, stack(0x0000002307500000,0x0000002307600000)]
  0x00000180ec9c6520 JavaThread "Finalizer" daemon [_thread_blocked, id=10732, stack(0x0000002307600000,0x0000002307700000)]
  0x00000180f1b09650 JavaThread "Signal Dispatcher" daemon [_thread_blocked, id=11844, stack(0x0000002307700000,0x0000002307800000)]
  0x00000180f1b09f20 JavaThread "Attach Listener" daemon [_thread_blocked, id=6492, stack(0x0000002307800000,0x0000002307900000)]
  0x00000180f1b133a0 JavaThread "Service Thread" daemon [_thread_blocked, id=4768, stack(0x0000002307900000,0x0000002307a00000)]
  0x00000180f1b15990 JavaThread "Monitor Deflation Thread" daemon [_thread_blocked, id=8056, stack(0x0000002307a00000,0x0000002307b00000)]
  0x00000180f1b1ac10 JavaThread "C2 CompilerThread0" daemon [_thread_blocked, id=8000, stack(0x0000002307b00000,0x0000002307c00000)]
  0x00000180f1b1e200 JavaThread "C1 CompilerThread0" daemon [_thread_blocked, id=13400, stack(0x0000002307c00000,0x0000002307d00000)]
  0x00000180f1b2f640 JavaThread "Sweeper thread" daemon [_thread_blocked, id=3372, stack(0x0000002307d00000,0x0000002307e00000)]
  0x00000180f1ba8630 JavaThread "Common-Cleaner" daemon [_thread_blocked, id=10232, stack(0x0000002307e00000,0x0000002307f00000)]
  0x00000180f1e70990 JavaThread "Notification Thread" daemon [_thread_blocked, id=3932, stack(0x0000002307f00000,0x0000002308000000)]

Other Threads:
  0x00000180f1ae14b0 VMThread "VM Thread" [stack: 0x0000002307400000,0x0000002307500000] [id=14408]
  0x00000180f1d43f20 WatcherThread [stack: 0x0000002308000000,0x0000002308100000] [id=9436]
  0x00000180d6bf7060 GCTaskThread "GC Thread#0" [stack: 0x0000002307300000,0x0000002307400000] [id=8744]

Threads with active compile tasks:

VM state: not at safepoint (normal execution)

VM Mutex/Monitor currently owned by a thread:  ([mutex/lock_event])
[0x00000180d6bdd160] Metaspace_lock - owner thread: 0x00000180d6be1bd0

Heap address: 0x00000000c0000000, size: 1024 MB, Compressed Oops mode: 32-bit

CDS archive(s) not mapped
Compressed class space mapped at: 0x0000000100000000-0x0000000140000000, reserved size: 1073741824
Narrow klass base: 0x0000000000000000, Narrow klass shift: 3, Narrow klass range: 0x140000000

GC Precious Log:
 CPUs: 8 total, 8 available
 Memory: 7884M
 Large Page Support: Disabled
 NUMA Support: Disabled
 Compressed Oops: Enabled (32-bit)
 Alignments: Space 512K, Generation 512K, Heap 2M
 Heap Min Capacity: 100M
 Heap Initial Capacity: 100M
 Heap Max Capacity: 1G
 Pre-touch: Disabled
 Parallel Workers: 8

Heap:
 PSYoungGen      total 29696K, used 25462K [0x00000000eab00000, 0x00000000ecc00000, 0x0000000100000000)
  eden space 25600K, 99% used [0x00000000eab00000,0x00000000ec3ddb08,0x00000000ec400000)
  from space 4096K, 0% used [0x00000000ec800000,0x00000000ec800000,0x00000000ecc00000)
  to   space 4096K, 0% used [0x00000000ec400000,0x00000000ec400000,0x00000000ec800000)
 ParOldGen       total 68608K, used 0K [0x00000000c0000000, 0x00000000c4300000, 0x00000000eab00000)
  object space 68608K, 0% used [0x00000000c0000000,0x00000000c0000000,0x00000000c4300000)
 Metaspace       used 10871K, committed 10944K, reserved 1114112K
  class space    used 1071K, committed 1088K, reserved 1048576K

Card table byte_map: [0x00000180ea240000,0x00000180ea450000] _byte_map_base: 0x00000180e9c40000

Marking Bits: (ParMarkBitMap*) 0x00007ff9be3bd820
 Begin Bits: [0x00000180ea5b0000, 0x00000180eb5b0000)
 End Bits:   [0x00000180eb5b0000, 0x00000180ec5b0000)

Polling page: 0x00000180d6c90000

Metaspace:

Usage:
  Non-class:      9.57 MB used.
      Class:      1.05 MB used.
       Both:     10.62 MB used.

Virtual space:
  Non-class space:       64.00 MB reserved,       9.62 MB ( 15%) committed,  1 nodes.
      Class space:        1.00 GB reserved,       1.06 MB ( <1%) committed,  1 nodes.
             Both:        1.06 GB reserved,      10.69 MB ( <1%) committed. 

Chunk freelists:
   Non-Class:  6.16 MB
       Class:  14.94 MB
        Both:  21.09 MB

MaxMetaspaceSize: unlimited
CompressedClassSpaceSize: 1.00 GB
Initial GC threshold: 21.00 MB
Current GC threshold: 21.00 MB
CDS: off
MetaspaceReclaimPolicy: balanced
 - commit_granule_bytes: 65536.
 - commit_granule_words: 8192.
 - virtual_space_node_default_size: 8388608.
 - enlarge_chunks_in_place: 1.
 - new_chunks_are_fully_committed: 0.
 - uncommit_free_chunks: 1.
 - use_allocation_guard: 0.
 - handle_deallocations: 1.


Internal statistics:

num_allocs_failed_limit: 0.
num_arena_births: 14.
num_arena_deaths: 0.
num_vsnodes_births: 2.
num_vsnodes_deaths: 0.
num_space_committed: 171.
num_space_uncommitted: 0.
num_chunks_returned_to_freelist: 0.
num_chunks_taken_from_freelist: 87.
num_chunk_merges: 0.
num_chunk_splits: 57.
num_chunks_enlarged: 46.
num_inconsistent_stats: 0.

CodeHeap 'non-profiled nmethods': size=120000Kb used=376Kb max_used=376Kb free=119623Kb
 bounds [0x00000180e2b30000, 0x00000180e2da0000, 0x00000180ea060000]
CodeHeap 'profiled nmethods': size=120000Kb used=1612Kb max_used=1612Kb free=118387Kb
 bounds [0x00000180db060000, 0x00000180db2d0000, 0x00000180e2590000]
CodeHeap 'non-nmethods': size=5760Kb used=1151Kb max_used=1188Kb free=4608Kb
 bounds [0x00000180e2590000, 0x00000180e2800000, 0x00000180e2b30000]
 total_blobs=1368 nmethods=938 adapters=345
 compilation: enabled
              stopped_count=0, restarted_count=0
 full_count=0

Compilation events (20 events):
Event: 2.768 Thread 0x00000180f1b1e200  929       1       java.util.zip.ZipEntry::getCrc (5 bytes)
Event: 2.768 Thread 0x00000180f1b1e200 nmethod 929 0x00000180e2b8dc10 code [0x00000180e2b8dda0, 0x00000180e2b8de78]
Event: 2.770 Thread 0x00000180f1b1e200  930       3       java.nio.ByteBuffer::position (8 bytes)
Event: 2.770 Thread 0x00000180f1b1e200 nmethod 930 0x00000180db1f0010 code [0x00000180db1f01a0, 0x00000180db1f02e8]
Event: 2.772 Thread 0x00000180f1b1e200  931       1       java.security.MessageDigest::getAlgorithm (5 bytes)
Event: 2.772 Thread 0x00000180f1b1e200 nmethod 931 0x00000180e2b8df10 code [0x00000180e2b8e0a0, 0x00000180e2b8e178]
Event: 2.773 Thread 0x00000180f1b1e200  932       3       java.io.RandomAccessFile::readFully (45 bytes)
Event: 2.774 Thread 0x00000180f1b1e200 nmethod 932 0x00000180db1f0390 code [0x00000180db1f0560, 0x00000180db1f08d8]
Event: 2.774 Thread 0x00000180f1b1e200  933       3       java.lang.Object::toString (36 bytes)
Event: 2.775 Thread 0x00000180f1b1e200 nmethod 933 0x00000180db1f0a90 code [0x00000180db1f0d00, 0x00000180db1f1548]
Event: 2.775 Thread 0x00000180f1b1e200  934       3       java.net.URL::<init> (8 bytes)
Event: 2.775 Thread 0x00000180f1b1e200 nmethod 934 0x00000180db1f1890 code [0x00000180db1f1a40, 0x00000180db1f1b88]
Event: 2.776 Thread 0x00000180f1b1e200  936       3       java.util.jar.Attributes::get (11 bytes)
Event: 2.776 Thread 0x00000180f1b1e200 nmethod 936 0x00000180db1f1c10 code [0x00000180db1f1dc0, 0x00000180db1f1f88]
Event: 2.776 Thread 0x00000180f1b1e200  935       3       java.util.jar.Attributes::getValue (9 bytes)
Event: 2.776 Thread 0x00000180f1b1e200 nmethod 935 0x00000180db1f2090 code [0x00000180db1f2240, 0x00000180db1f2548]
Event: 2.776 Thread 0x00000180f1b1e200  937       3       jdk.internal.perf.PerfCounter::addElapsedTimeFrom (10 bytes)
Event: 2.776 Thread 0x00000180f1b1e200 nmethod 937 0x00000180db1f2690 code [0x00000180db1f2840, 0x00000180db1f29c8]
Event: 2.778 Thread 0x00000180f1b1e200  938   !   3       jdk.internal.loader.URLClassPath$JarLoader::ensureOpen (36 bytes)
Event: 2.779 Thread 0x00000180f1b1e200 nmethod 938 0x00000180db1f2a90 code [0x00000180db1f2c60, 0x00000180db1f30d8]

GC Heap History (0 events):
No events

Dll operation events (8 events):
Event: 0.283 Loaded shared library c:\Users\match\.cursor\extensions\redhat.java-1.31.0-win32-x64\jre\17.0.11-win32-x86_64\bin\java.dll
Event: 0.951 Loaded shared library c:\Users\match\.cursor\extensions\redhat.java-1.31.0-win32-x64\jre\17.0.11-win32-x86_64\bin\zip.dll
Event: 0.958 Loaded shared library C:\Users\match\.cursor\extensions\redhat.java-1.31.0-win32-x64\jre\17.0.11-win32-x86_64\bin\instrument.dll
Event: 0.995 Loaded shared library C:\Users\match\.cursor\extensions\redhat.java-1.31.0-win32-x64\jre\17.0.11-win32-x86_64\bin\net.dll
Event: 0.998 Loaded shared library C:\Users\match\.cursor\extensions\redhat.java-1.31.0-win32-x64\jre\17.0.11-win32-x86_64\bin\nio.dll
Event: 1.061 Loaded shared library C:\Users\match\.cursor\extensions\redhat.java-1.31.0-win32-x64\jre\17.0.11-win32-x86_64\bin\zip.dll
Event: 1.104 Loaded shared library C:\Users\match\.cursor\extensions\redhat.java-1.31.0-win32-x64\jre\17.0.11-win32-x86_64\bin\jimage.dll
Event: 1.311 Loaded shared library c:\Users\match\.cursor\extensions\redhat.java-1.31.0-win32-x64\jre\17.0.11-win32-x86_64\bin\verify.dll

Deoptimization events (20 events):
Event: 2.703 Thread 0x00000180d6be1bd0 Uncommon trap: trap_request=0xffffffde fr.pc=0x00000180e2b64e84 relative=0x0000000000000524
Event: 2.703 Thread 0x00000180d6be1bd0 Uncommon trap: reason=class_check action=maybe_recompile pc=0x00000180e2b64e84 method=java.util.Collections$UnmodifiableCollection$1.<init>(Ljava/util/Collections$UnmodifiableCollection;)V @ 17 c2
Event: 2.703 Thread 0x00000180d6be1bd0 DEOPT PACKING pc=0x00000180e2b64e84 sp=0x00000023071fe140
Event: 2.703 Thread 0x00000180d6be1bd0 DEOPT UNPACKING pc=0x00000180e25e9ea3 sp=0x00000023071fe088 mode 2
Event: 2.703 Thread 0x00000180d6be1bd0 Uncommon trap: trap_request=0xffffff45 fr.pc=0x00000180e2b81ddc relative=0x000000000000023c
Event: 2.703 Thread 0x00000180d6be1bd0 Uncommon trap: reason=unstable_if action=reinterpret pc=0x00000180e2b81ddc method=java.util.HashMap.hash(Ljava/lang/Object;)I @ 1 c2
Event: 2.703 Thread 0x00000180d6be1bd0 DEOPT PACKING pc=0x00000180e2b81ddc sp=0x00000023071fe0f0
Event: 2.703 Thread 0x00000180d6be1bd0 DEOPT UNPACKING pc=0x00000180e25e9ea3 sp=0x00000023071fdf88 mode 2
Event: 2.703 Thread 0x00000180d6be1bd0 Uncommon trap: trap_request=0xffffff45 fr.pc=0x00000180e2b803e8 relative=0x0000000000000248
Event: 2.703 Thread 0x00000180d6be1bd0 Uncommon trap: reason=unstable_if action=reinterpret pc=0x00000180e2b803e8 method=java.util.HashMap.hash(Ljava/lang/Object;)I @ 1 c2
Event: 2.703 Thread 0x00000180d6be1bd0 DEOPT PACKING pc=0x00000180e2b803e8 sp=0x00000023071fe190
Event: 2.703 Thread 0x00000180d6be1bd0 DEOPT UNPACKING pc=0x00000180e25e9ea3 sp=0x00000023071fe098 mode 2
Event: 2.704 Thread 0x00000180d6be1bd0 Uncommon trap: trap_request=0xffffffde fr.pc=0x00000180e2b64e84 relative=0x0000000000000524
Event: 2.704 Thread 0x00000180d6be1bd0 Uncommon trap: reason=class_check action=maybe_recompile pc=0x00000180e2b64e84 method=java.util.Collections$UnmodifiableCollection$1.<init>(Ljava/util/Collections$UnmodifiableCollection;)V @ 17 c2
Event: 2.704 Thread 0x00000180d6be1bd0 DEOPT PACKING pc=0x00000180e2b64e84 sp=0x00000023071fe140
Event: 2.704 Thread 0x00000180d6be1bd0 DEOPT UNPACKING pc=0x00000180e25e9ea3 sp=0x00000023071fe088 mode 2
Event: 2.704 Thread 0x00000180d6be1bd0 Uncommon trap: trap_request=0xffffff45 fr.pc=0x00000180e2b70194 relative=0x0000000000000094
Event: 2.704 Thread 0x00000180d6be1bd0 Uncommon trap: reason=unstable_if action=reinterpret pc=0x00000180e2b70194 method=java.util.HashMap.hash(Ljava/lang/Object;)I @ 1 c2
Event: 2.704 Thread 0x00000180d6be1bd0 DEOPT PACKING pc=0x00000180e2b70194 sp=0x00000023071fdff0
Event: 2.704 Thread 0x00000180d6be1bd0 DEOPT UNPACKING pc=0x00000180e25e9ea3 sp=0x00000023071fdf88 mode 2

Classes unloaded (0 events):
No events

Classes redefined (0 events):
No events

Internal exceptions (17 events):
Event: 0.860 Thread 0x00000180d6be1bd0 Exception <a 'java/lang/NoSuchMethodError'{0x00000000eacb5268}: 'void java.lang.invoke.DirectMethodHandle$Holder.invokeStatic(java.lang.Object, java.lang.Object, java.lang.Object)'> (0x00000000eacb5268) 
thrown [s\src\hotspot\share\interpreter\linkResolver.cpp, line 759]
Event: 1.357 Thread 0x00000180d6be1bd0 Exception <a 'java/lang/reflect/InvocationTargetException'{0x00000000eafe7e20}> (0x00000000eafe7e20) 
thrown [s\src\hotspot\share\runtime\reflection.cpp, line 1121]
Event: 2.166 Thread 0x00000180d6be1bd0 Exception <a 'java/lang/ClassNotFoundException'{0x00000000eb84cdc0}: sun/net/www/protocol/c/Handler> (0x00000000eb84cdc0) 
thrown [s\src\hotspot\share\classfile\systemDictionary.cpp, line 256]
Event: 2.173 Thread 0x00000180d6be1bd0 Exception <a 'java/io/FileNotFoundException'{0x00000000eb8685b0}> (0x00000000eb8685b0) 
thrown [s\src\hotspot\share\prims\jni.cpp, line 516]
Event: 2.174 Thread 0x00000180d6be1bd0 Exception <a 'java/io/FileNotFoundException'{0x00000000eb8692c0}> (0x00000000eb8692c0) 
thrown [s\src\hotspot\share\prims\jni.cpp, line 516]
Event: 2.174 Thread 0x00000180d6be1bd0 Exception <a 'java/io/FileNotFoundException'{0x00000000eb869fb0}> (0x00000000eb869fb0) 
thrown [s\src\hotspot\share\prims\jni.cpp, line 516]
Event: 2.174 Thread 0x00000180d6be1bd0 Exception <a 'java/io/FileNotFoundException'{0x00000000eb86ac70}> (0x00000000eb86ac70) 
thrown [s\src\hotspot\share\prims\jni.cpp, line 516]
Event: 2.181 Thread 0x00000180d6be1bd0 Implicit null exception at 0x00000180e2b537f2 to 0x00000180e2b53d68
Event: 2.186 Thread 0x00000180d6be1bd0 Exception <a 'java/io/FileNotFoundException'{0x00000000eb8a5790}> (0x00000000eb8a5790) 
thrown [s\src\hotspot\share\prims\jni.cpp, line 516]
Event: 2.591 Thread 0x00000180d6be1bd0 Exception <a 'java/lang/ClassNotFoundException'{0x00000000ec0b05d0}: sun/net/www/protocol/c/Handler> (0x00000000ec0b05d0) 
thrown [s\src\hotspot\share\classfile\systemDictionary.cpp, line 256]
Event: 2.592 Thread 0x00000180d6be1bd0 Exception <a 'java/lang/ClassNotFoundException'{0x00000000ec0b1910}: sun/net/www/protocol/c/Handler> (0x00000000ec0b1910) 
thrown [s\src\hotspot\share\classfile\systemDictionary.cpp, line 256]
Event: 2.592 Thread 0x00000180d6be1bd0 Exception <a 'java/lang/ClassNotFoundException'{0x00000000ec0b2a88}: sun/net/www/protocol/c/Handler> (0x00000000ec0b2a88) 
thrown [s\src\hotspot\share\classfile\systemDictionary.cpp, line 256]
Event: 2.611 Thread 0x00000180d6be1bd0 Exception <a 'java/io/FileNotFoundException'{0x00000000ec0db330}> (0x00000000ec0db330) 
thrown [s\src\hotspot\share\prims\jni.cpp, line 516]
Event: 2.703 Thread 0x00000180d6be1bd0 Implicit null exception at 0x00000180e2b7155b to 0x00000180e2b71f50
Event: 2.703 Thread 0x00000180d6be1bd0 Implicit null exception at 0x00000180e2b81bec to 0x00000180e2b81dc4
Event: 2.703 Thread 0x00000180d6be1bd0 Implicit null exception at 0x00000180e2b801ec to 0x00000180e2b803d0
Event: 2.704 Thread 0x00000180d6be1bd0 Implicit null exception at 0x00000180e2b7010f to 0x00000180e2b70185

VM Operations (10 events):
Event: 0.898 Executing VM operation: HandshakeAllThreads
Event: 0.898 Executing VM operation: HandshakeAllThreads done
Event: 1.150 Executing VM operation: HandshakeAllThreads
Event: 1.150 Executing VM operation: HandshakeAllThreads done
Event: 2.100 Executing VM operation: HandshakeAllThreads
Event: 2.100 Executing VM operation: HandshakeAllThreads done
Event: 2.100 Executing VM operation: Cleanup
Event: 2.101 Executing VM operation: Cleanup done
Event: 2.133 Executing VM operation: HandshakeAllThreads
Event: 2.133 Executing VM operation: HandshakeAllThreads done

Events (20 events):
Event: 2.675 loading class java/util/concurrent/locks/ReentrantReadWriteLock$WriteLock
Event: 2.675 loading class java/util/concurrent/locks/ReentrantReadWriteLock$WriteLock done
Event: 2.706 loading class java/net/URLClassLoader$3
Event: 2.706 loading class java/net/URLClassLoader$3 done
Event: 2.706 loading class java/net/URLClassLoader$3$1
Event: 2.706 loading class java/net/URLClassLoader$3$1 done
Event: 2.707 loading class jdk/internal/loader/URLClassPath$FileLoader
Event: 2.707 loading class jdk/internal/loader/URLClassPath$FileLoader done
Event: 2.714 Thread 0x00000180f1e9deb0 Thread exited: 0x00000180f1e9deb0
Event: 2.754 loading class java/lang/NoSuchFieldError
Event: 2.754 loading class java/lang/NoSuchFieldError done
Event: 2.777 loading class java/util/concurrent/locks/AbstractQueuedSynchronizer$ConditionObject
Event: 2.777 loading class java/util/concurrent/locks/Condition
Event: 2.778 loading class java/util/concurrent/locks/Condition done
Event: 2.778 loading class java/util/concurrent/locks/AbstractQueuedSynchronizer$ConditionObject done
Event: 2.778 loading class java/util/Collections$SingletonMap
Event: 2.778 loading class java/util/Collections$SingletonMap done
Event: 2.782 loading class sun/misc/Unsafe
Event: 2.783 loading class sun/misc/Unsafe done
Event: 2.784 loading class jdk/internal/reflect/UnsafeFieldAccessorFactory


Dynamic libraries:
0x00007ff7d1420000 - 0x00007ff7d142e000 	c:\Users\match\.cursor\extensions\redhat.java-1.31.0-win32-x64\jre\17.0.11-win32-x86_64\bin\java.exe
0x00007ffa4d1d0000 - 0x00007ffa4d3e7000 	C:\WINDOWS\SYSTEM32\ntdll.dll
0x00007ffa4c970000 - 0x00007ffa4ca34000 	C:\WINDOWS\System32\KERNEL32.DLL
0x00007ffa4a500000 - 0x00007ffa4a8ac000 	C:\WINDOWS\System32\KERNELBASE.dll
0x00007ffa4ad10000 - 0x00007ffa4ae21000 	C:\WINDOWS\System32\ucrtbase.dll
0x00007ffa029a0000 - 0x00007ffa029b7000 	c:\Users\match\.cursor\extensions\redhat.java-1.31.0-win32-x64\jre\17.0.11-win32-x86_64\bin\jli.dll
0x00007ffa4cbe0000 - 0x00007ffa4cd8e000 	C:\WINDOWS\System32\USER32.dll
0x00007ffa4aee0000 - 0x00007ffa4af06000 	C:\WINDOWS\System32\win32u.dll
0x00007ffa4bf30000 - 0x00007ffa4bf59000 	C:\WINDOWS\System32\GDI32.dll
0x00007ffa4a8b0000 - 0x00007ffa4a9c9000 	C:\WINDOWS\System32\gdi32full.dll
0x00007ffa4abb0000 - 0x00007ffa4ac4a000 	C:\WINDOWS\System32\msvcp_win.dll
0x00007ffa01c10000 - 0x00007ffa01c2b000 	c:\Users\match\.cursor\extensions\redhat.java-1.31.0-win32-x64\jre\17.0.11-win32-x86_64\bin\VCRUNTIME140.dll
0x00007ffa31610000 - 0x00007ffa318a3000 	C:\WINDOWS\WinSxS\amd64_microsoft.windows.common-controls_6595b64144ccf1df_6.0.22621.3672_none_2713b9d173822955\COMCTL32.dll
0x00007ffa4d050000 - 0x00007ffa4d0f7000 	C:\WINDOWS\System32\msvcrt.dll
0x00007ffa4b8a0000 - 0x00007ffa4b8d1000 	C:\WINDOWS\System32\IMM32.DLL
0x00007ffa28f30000 - 0x00007ffa28f3c000 	c:\Users\match\.cursor\extensions\redhat.java-1.31.0-win32-x64\jre\17.0.11-win32-x86_64\bin\vcruntime140_1.dll
0x00007ff9f9200000 - 0x00007ff9f928d000 	c:\Users\match\.cursor\extensions\redhat.java-1.31.0-win32-x64\jre\17.0.11-win32-x86_64\bin\msvcp140.dll
0x00007ff9bd820000 - 0x00007ff9be482000 	c:\Users\match\.cursor\extensions\redhat.java-1.31.0-win32-x64\jre\17.0.11-win32-x86_64\bin\server\jvm.dll
0x00007ffa4bb50000 - 0x00007ffa4bc02000 	C:\WINDOWS\System32\ADVAPI32.dll
0x00007ffa4b910000 - 0x00007ffa4b9b8000 	C:\WINDOWS\System32\sechost.dll
0x00007ffa4ae30000 - 0x00007ffa4ae58000 	C:\WINDOWS\System32\bcrypt.dll
0x00007ffa4cdf0000 - 0x00007ffa4cf05000 	C:\WINDOWS\System32\RPCRT4.dll
0x00007ffa49390000 - 0x00007ffa493dd000 	C:\WINDOWS\SYSTEM32\POWRPROF.dll
0x00007ffa44290000 - 0x00007ffa44299000 	C:\WINDOWS\SYSTEM32\WSOCK32.dll
0x00007ffa4d100000 - 0x00007ffa4d171000 	C:\WINDOWS\System32\WS2_32.dll
0x00007ffa40d80000 - 0x00007ffa40db4000 	C:\WINDOWS\SYSTEM32\WINMM.dll
0x00007ffa411d0000 - 0x00007ffa411da000 	C:\WINDOWS\SYSTEM32\VERSION.dll
0x00007ffa49370000 - 0x00007ffa49383000 	C:\WINDOWS\SYSTEM32\UMPDC.dll
0x00007ffa495c0000 - 0x00007ffa495d8000 	C:\WINDOWS\SYSTEM32\kernel.appcore.dll
0x00007ffa27720000 - 0x00007ffa2772a000 	c:\Users\match\.cursor\extensions\redhat.java-1.31.0-win32-x64\jre\17.0.11-win32-x86_64\bin\jimage.dll
0x00007ffa47e40000 - 0x00007ffa48072000 	C:\WINDOWS\SYSTEM32\DBGHELP.DLL
0x00007ffa4af30000 - 0x00007ffa4b2b8000 	C:\WINDOWS\System32\combase.dll
0x00007ffa4b9c0000 - 0x00007ffa4ba97000 	C:\WINDOWS\System32\OLEAUT32.dll
0x00007ffa17620000 - 0x00007ffa17652000 	C:\WINDOWS\SYSTEM32\dbgcore.DLL
0x00007ffa4ae60000 - 0x00007ffa4aedb000 	C:\WINDOWS\System32\bcryptPrimitives.dll
0x00007ffa272b0000 - 0x00007ffa272be000 	c:\Users\match\.cursor\extensions\redhat.java-1.31.0-win32-x64\jre\17.0.11-win32-x86_64\bin\instrument.dll
0x00007ff9fffe0000 - 0x00007ffa00005000 	c:\Users\match\.cursor\extensions\redhat.java-1.31.0-win32-x64\jre\17.0.11-win32-x86_64\bin\java.dll
0x00007ff9fffc0000 - 0x00007ff9fffd8000 	c:\Users\match\.cursor\extensions\redhat.java-1.31.0-win32-x64\jre\17.0.11-win32-x86_64\bin\zip.dll
0x00007ffa4c110000 - 0x00007ffa4c96c000 	C:\WINDOWS\System32\SHELL32.dll
0x00007ffa482f0000 - 0x00007ffa48be7000 	C:\WINDOWS\SYSTEM32\windows.storage.dll
0x00007ffa48c20000 - 0x00007ffa48d5f000 	C:\WINDOWS\SYSTEM32\wintypes.dll
0x00007ffa4cae0000 - 0x00007ffa4cbd4000 	C:\WINDOWS\System32\SHCORE.dll
0x00007ffa4cd90000 - 0x00007ffa4cdee000 	C:\WINDOWS\System32\shlwapi.dll
0x00007ffa4a430000 - 0x00007ffa4a451000 	C:\WINDOWS\SYSTEM32\profapi.dll
0x00007ff9fb990000 - 0x00007ff9fb9a9000 	C:\Users\match\.cursor\extensions\redhat.java-1.31.0-win32-x64\jre\17.0.11-win32-x86_64\bin\net.dll
0x00007ffa42220000 - 0x00007ffa42356000 	C:\WINDOWS\SYSTEM32\WINHTTP.dll
0x00007ffa49a90000 - 0x00007ffa49af9000 	C:\WINDOWS\system32\mswsock.dll
0x00007ff9fb970000 - 0x00007ff9fb986000 	C:\Users\match\.cursor\extensions\redhat.java-1.31.0-win32-x64\jre\17.0.11-win32-x86_64\bin\nio.dll
0x00007ffa26fa0000 - 0x00007ffa26fb0000 	c:\Users\match\.cursor\extensions\redhat.java-1.31.0-win32-x64\jre\17.0.11-win32-x86_64\bin\verify.dll

dbghelp: loaded successfully - version: 4.0.5 - missing functions: none
symbol engine: initialized successfully - sym options: 0x614 - pdb path: .;c:\Users\match\.cursor\extensions\redhat.java-1.31.0-win32-x64\jre\17.0.11-win32-x86_64\bin;C:\WINDOWS\SYSTEM32;C:\WINDOWS\WinSxS\amd64_microsoft.windows.common-controls_6595b64144ccf1df_6.0.22621.3672_none_2713b9d173822955;c:\Users\match\.cursor\extensions\redhat.java-1.31.0-win32-x64\jre\17.0.11-win32-x86_64\bin\server

VM Arguments:
jvm_args: --add-modules=ALL-SYSTEM --add-opens=java.base/java.util=ALL-UNNAMED --add-opens=java.base/java.lang=ALL-UNNAMED --add-opens=java.base/sun.nio.fs=ALL-UNNAMED -Declipse.application=org.eclipse.jdt.ls.core.id1 -Dosgi.bundles.defaultStartLevel=4 -Declipse.product=org.eclipse.jdt.ls.core.product -Djava.import.generatesMetadataFilesAtProjectRoot=false -DDetectVMInstallationsJob.disabled=true -Dfile.encoding=utf8 -XX:+UseParallelGC -XX:GCTimeRatio=4 -XX:AdaptiveSizePolicyWeight=90 -Dsun.zip.disableMemoryMapping=true -Xmx1G -Xms100m -Xlog:disable -javaagent:c:\Users\match\.cursor\extensions\redhat.java-1.31.0-win32-x64\lombok\lombok-1.18.32.jar -XX:+HeapDumpOnOutOfMemoryError -XX:HeapDumpPath=c:\Users\match\AppData\Roaming\Cursor\User\workspaceStorage\8df9b958dab73af2217467e2a8126c77\redhat.java -Daether.dependencyCollector.impl=bf 
java_command: c:\Users\match\.cursor\extensions\redhat.java-1.31.0-win32-x64\server\plugins\org.eclipse.equinox.launcher_1.6.800.v20240513-1750.jar -configuration c:\Users\match\AppData\Roaming\Cursor\User\globalStorage\redhat.java\1.31.0\config_win -data c:\Users\match\AppData\Roaming\Cursor\User\workspaceStorage\8df9b958dab73af2217467e2a8126c77\redhat.java\jdt_ws --pipe=\\.\pipe\lsp-f001e3ae2aab1ef1851662f258dccd6c-sock
java_class_path (initial): c:\Users\match\.cursor\extensions\redhat.java-1.31.0-win32-x64\server\plugins\org.eclipse.equinox.launcher_1.6.800.v20240513-1750.jar
Launcher Type: SUN_STANDARD

[Global flags]
    uintx AdaptiveSizePolicyWeight                 = 90                                        {product} {command line}
     intx CICompilerCount                          = 4                                         {product} {ergonomic}
    uintx GCTimeRatio                              = 4                                         {product} {command line}
     bool HeapDumpOnOutOfMemoryError               = true                                   {manageable} {command line}
    ccstr HeapDumpPath                             = c:\Users\match\AppData\Roaming\Cursor\User\workspaceStorage\8df9b958dab73af2217467e2a8126c77\redhat.java         {manageable} {command line}
   size_t InitialHeapSize                          = 104857600                                 {product} {command line}
   size_t MaxHeapSize                              = 1073741824                                {product} {command line}
   size_t MaxNewSize                               = 357564416                                 {product} {ergonomic}
   size_t MinHeapDeltaBytes                        = 524288                                    {product} {ergonomic}
   size_t MinHeapSize                              = 104857600                                 {product} {command line}
   size_t NewSize                                  = 34603008                                  {product} {ergonomic}
    uintx NonNMethodCodeHeapSize                   = 5839372                                {pd product} {ergonomic}
    uintx NonProfiledCodeHeapSize                  = 122909434                              {pd product} {ergonomic}
   size_t OldSize                                  = 70254592                                  {product} {ergonomic}
    uintx ProfiledCodeHeapSize                     = 122909434                              {pd product} {ergonomic}
    uintx ReservedCodeCacheSize                    = 251658240                              {pd product} {ergonomic}
     bool SegmentedCodeCache                       = true                                      {product} {ergonomic}
   size_t SoftMaxHeapSize                          = 1073741824                             {manageable} {ergonomic}
     bool UseCompressedClassPointers               = true                           {product lp64_product} {ergonomic}
     bool UseCompressedOops                        = true                           {product lp64_product} {ergonomic}
     bool UseLargePagesIndividualAllocation        = false                                  {pd product} {ergonomic}
     bool UseParallelGC                            = true                                      {product} {command line}

Logging:
Log output configuration:
 #0: stdout all=off uptime,level,tags
 #1: stderr all=off uptime,level,tags

Environment Variables:
JAVA_HOME=C:\Program Files\Java\javafx-sdk-22.0.0.10
PATH=c:\Users\match\AppData\Local\Programs\cursor\resources\app\bin;C:\Program Files\Eclipse Adoptium\jdk-21.0.2.13-hotspot\bin;C:\Program Files\Common Files\Oracle\Java\javapath;C:\Program Files (x86)\Falcon\MinGW\bin;C:\Windows\system32;C:\Windows;C:\Windows\System32\Wbem;C:\Windows\System32\WindowsPowerShell\v1.0\;C:\Windows\System32\OpenSSH\;C:\WINDOWS\system32;C:\WINDOWS;C:\WINDOWS\System32\Wbem;C:\WINDOWS\System32\WindowsPowerShell\v1.0\;C:\WINDOWS\System32\OpenSSH\;C:\MinGW\bin;C:\Users\match\AppData\Local\Microsoft\WindowsApps;C:\Program Files\JetBrains\IntelliJ IDEA 2023.3.2\bin;C:\Program Files\JetBrains\IntelliJ IDEA Community Edition 2023.3.2\bin;C:\Program Files (x86)\Nmap;C:\adb;C:\Users\match\AppData\Local\Programs\Python\Python37\;C:\Users\match\AppData\Local\Programs\Python\Python37\Scripts\;C:\Users\match\AppData\Local\Programs\Python\Python37\;C:\Users\match\AppData\Local\Microsoft\WindowsApps;C:\MinGW\bin;C:\Program Files\JetBrains\IntelliJ IDEA 2023.3.2\bin;C:\Program;c:\Users\match\AppData\Local\Programs\cursor\resources\app\bin;C:\Program Files\Git\cmd;C:\Users\match\AppData\Local\Programs\Python\Python37\Scripts\;C:\Users\match\AppData\Local\Programs\Python\Python37\;C:\Users\match\AppData\Local\Microsoft\WindowsApps;C:\MinGW\bin;C:\Program Files\JetBrains\IntelliJ IDEA 2023.3.2\bin;;C:\Program Files\JetBrains\IntelliJ IDEA Community Edition 2023.3.2\bin;;C:\Program Files (x86)\Nmap;C:\Users\match\AppData\Local\spicetify
USERNAME=match
OS=Windows_NT
PROCESSOR_IDENTIFIER=Intel64 Family 6 Model 140 Stepping 1, GenuineIntel
TMP=C:\Users\match\AppData\Local\Temp
TEMP=C:\Users\match\AppData\Local\Temp



Periodic native trim disabled


---------------  S Y S T E M  ---------------

OS:
 Windows 11 , 64 bit Build 22621 (10.0.22621.3672)
OS uptime: 0 days 12:02 hours

CPU: total 8 (initial active 8) (4 cores per cpu, 2 threads per core) family 6 model 140 stepping 1 microcode 0x86, cx8, cmov, fxsr, ht, mmx, 3dnowpref, sse, sse2, sse3, ssse3, sse4.1, sse4.2, popcnt, lzcnt, tsc, tscinvbit, avx, avx2, aes, erms, clmul, bmi1, bmi2, adx, avx512f, avx512dq, avx512cd, avx512bw, avx512vl, sha, fma, vzeroupper, avx512_vpopcntdq, avx512_vpclmulqdq, avx512_vaes, avx512_vnni, clflush, clflushopt, clwb, avx512_vbmi2, avx512_vbmi
Processor Information for all 8 processors :
  Max Mhz: 2419, Current Mhz: 2419, Mhz Limit: 2419

Memory: 4k page, system-wide physical 7884M (365M free)
TotalPageFile size 16076M (AvailPageFile size 19M)
current process WorkingSet (physical memory assigned to process): 73M, peak: 73M
current process commit charge ("private bytes"): 199M, peak: 200M

vm_info: OpenJDK 64-Bit Server VM (17.0.11+9) for windows-amd64 JRE (17.0.11+9), built on Apr 17 2024 06:07:48 by "admin" with MS VC++ 16.10 / 16.11 (VS2019)

END.
